TN:
SF:..\projects\ngx-sp-infra\src\lib\infra.module.ts
FNF:0
FNH:0
DA:232,1
LF:1
LH:1
BRF:0
BRH:0
end_of_record
TN:
SF:..\projects\ngx-sp-infra\src\lib\components\footer\footer.component.ts
FN:12,(anonymous_0)
FN:17,(anonymous_1)
FNF:2
FNH:0
FNDA:0,(anonymous_0)
FNDA:0,(anonymous_1)
DA:11,1
DA:12,0
DA:14,0
DA:15,0
DA:18,0
DA:19,0
DA:20,0
DA:21,0
DA:22,0
DA:23,0
LF:10
LH:1
BRF:0
BRH:0
end_of_record
TN:
SF:..\projects\ngx-sp-infra\src\lib\components\lib-config-senha\lib-config-senha.component.ts
FN:48,(anonymous_0)
FN:66,(anonymous_1)
FN:67,(anonymous_2)
FN:251,(anonymous_4)
FN:86,(anonymous_5)
FN:98,(anonymous_6)
FN:100,(anonymous_7)
FN:113,(anonymous_8)
FN:126,(anonymous_9)
FN:131,(anonymous_10)
FN:142,(anonymous_11)
FN:158,(anonymous_12)
FNF:12
FNH:2
FNDA:0,(anonymous_0)
FNDA:0,(anonymous_1)
FNDA:0,(anonymous_2)
FNDA:0,(anonymous_4)
FNDA:1,(anonymous_5)
FNDA:1,(anonymous_6)
FNDA:0,(anonymous_7)
FNDA:0,(anonymous_8)
FNDA:0,(anonymous_9)
FNDA:0,(anonymous_10)
FNDA:0,(anonymous_11)
FNDA:0,(anonymous_12)
DA:27,1
DA:32,1
DA:33,1
DA:35,1
DA:48,0
DA:51,1
DA:66,0
DA:67,0
DA:75,1
DA:76,1
DA:77,1
DA:78,1
DA:87,1
DA:89,1
DA:90,1
DA:99,1
DA:101,0
DA:103,0
DA:108,0
DA:109,0
DA:111,0
DA:115,0
DA:116,0
DA:118,0
DA:119,0
DA:127,0
DA:129,0
DA:130,0
DA:132,0
DA:134,0
DA:139,0
DA:140,0
DA:144,0
DA:145,0
DA:150,0
DA:159,0
DA:161,0
DA:162,0
DA:164,0
DA:165,0
DA:167,0
DA:168,0
DA:170,0
DA:171,0
DA:173,0
DA:174,0
DA:176,0
DA:177,0
DA:179,0
DA:180,0
DA:182,0
DA:183,0
DA:184,0
DA:187,0
DA:188,0
DA:190,0
DA:191,0
DA:193,0
DA:194,0
DA:196,0
DA:197,0
DA:199,0
DA:200,0
DA:202,0
DA:203,0
DA:205,0
DA:206,0
DA:208,0
DA:209,0
DA:210,0
DA:213,0
DA:214,0
DA:216,0
DA:217,0
DA:219,0
DA:220,0
DA:222,0
DA:223,0
DA:225,0
DA:226,0
DA:228,0
DA:229,0
DA:231,0
DA:232,0
DA:234,0
DA:235,0
DA:236,0
DA:239,0
DA:240,0
DA:241,0
DA:242,0
DA:243,0
DA:244,0
DA:245,0
DA:246,0
DA:247,0
DA:251,1
LF:97
LH:14
BRDA:32,0,0,1
BRDA:32,0,1,1
BRDA:33,1,0,1
BRDA:33,1,1,1
BRDA:35,2,0,1
BRDA:35,2,1,0
BRDA:108,3,0,0
BRDA:108,3,1,0
BRDA:129,4,0,0
BRDA:129,4,1,0
BRDA:134,5,0,0
BRDA:134,5,1,0
BRDA:159,6,0,0
BRDA:159,6,1,0
BRDA:159,6,2,0
BRDA:159,6,3,0
BRF:16
BRH:5
end_of_record
TN:
SF:..\projects\ngx-sp-infra\src\lib\components\page-not-authorized\page-not-authorized.component.ts
FN:12,(anonymous_0)
FN:14,(anonymous_1)
FNF:2
FNH:0
FNDA:0,(anonymous_0)
FNDA:0,(anonymous_1)
DA:11,1
DA:12,0
DA:14,0
LF:3
LH:1
BRF:0
BRH:0
end_of_record
TN:
SF:..\projects\ngx-sp-infra\src\lib\directives\click-outside.directive.ts
FN:37,(anonymous_0)
FN:46,(anonymous_1)
FN:50,(anonymous_2)
FN:56,(anonymous_3)
FN:62,(anonymous_4)
FN:64,(anonymous_5)
FN:80,(anonymous_6)
FN:88,(anonymous_7)
FN:101,(anonymous_8)
FN:123,(anonymous_9)
FN:124,(anonymous_10)
FN:131,(anonymous_11)
FN:136,(anonymous_12)
FN:140,(anonymous_13)
FN:150,(anonymous_14)
FN:151,(anonymous_15)
FN:152,(anonymous_16)
FN:156,(anonymous_17)
FN:157,(anonymous_18)
FN:158,(anonymous_19)
FN:162,(anonymous_20)
FN:163,(anonymous_21)
FN:164,(anonymous_22)
FN:168,(anonymous_23)
FN:169,(anonymous_24)
FN:170,(anonymous_25)
FN:174,(anonymous_26)
FN:175,(anonymous_27)
FN:180,(anonymous_28)
FN:181,(anonymous_29)
FNF:30
FNH:0
FNDA:0,(anonymous_0)
FNDA:0,(anonymous_1)
FNDA:0,(anonymous_2)
FNDA:0,(anonymous_3)
FNDA:0,(anonymous_4)
FNDA:0,(anonymous_5)
FNDA:0,(anonymous_6)
FNDA:0,(anonymous_7)
FNDA:0,(anonymous_8)
FNDA:0,(anonymous_9)
FNDA:0,(anonymous_10)
FNDA:0,(anonymous_11)
FNDA:0,(anonymous_12)
FNDA:0,(anonymous_13)
FNDA:0,(anonymous_14)
FNDA:0,(anonymous_15)
FNDA:0,(anonymous_16)
FNDA:0,(anonymous_17)
FNDA:0,(anonymous_18)
FNDA:0,(anonymous_19)
FNDA:0,(anonymous_20)
FNDA:0,(anonymous_21)
FNDA:0,(anonymous_22)
FNDA:0,(anonymous_23)
FNDA:0,(anonymous_24)
FNDA:0,(anonymous_25)
FNDA:0,(anonymous_26)
FNDA:0,(anonymous_27)
FNDA:0,(anonymous_28)
FNDA:0,(anonymous_29)
DA:20,1
DA:21,0
DA:23,0
DA:24,0
DA:25,0
DA:27,0
DA:28,0
DA:30,0
DA:32,0
DA:34,0
DA:35,0
DA:38,0
DA:39,0
DA:40,0
DA:41,0
DA:42,0
DA:43,0
DA:47,0
DA:51,0
DA:52,0
DA:53,0
DA:57,0
DA:58,0
DA:63,0
DA:64,0
DA:67,0
DA:69,0
DA:70,0
DA:72,0
DA:75,0
DA:76,0
DA:81,0
DA:82,0
DA:84,0
DA:89,0
DA:90,0
DA:91,0
DA:92,0
DA:93,0
DA:96,0
DA:102,0
DA:103,0
DA:106,0
DA:107,0
DA:110,0
DA:111,0
DA:113,0
DA:114,0
DA:124,0
DA:125,0
DA:126,0
DA:132,0
DA:133,0
DA:136,0
DA:141,0
DA:142,0
DA:143,0
DA:147,0
DA:151,0
DA:152,0
DA:157,0
DA:158,0
DA:163,0
DA:164,0
DA:169,0
DA:170,0
DA:175,0
DA:176,0
DA:181,0
DA:182,0
LF:70
LH:1
BRDA:57,0,0,0
BRDA:57,1,0,0
BRDA:57,1,1,0
BRDA:57,1,2,0
BRDA:63,2,0,0
BRDA:69,3,0,0
BRDA:69,3,1,0
BRDA:75,4,0,0
BRDA:81,5,0,0
BRDA:81,5,1,0
BRDA:89,6,0,0
BRDA:92,7,0,0
BRDA:102,8,0,0
BRDA:106,9,0,0
BRDA:110,10,0,0
BRDA:110,11,0,0
BRDA:110,11,1,0
BRDA:113,12,0,0
BRDA:125,13,0,0
BRDA:132,14,0,0
BRDA:142,15,0,0
BRF:21
BRH:0
end_of_record
TN:
SF:..\projects\ngx-sp-infra\src\lib\directives\copy-clipboard.directive.ts
FN:7,(anonymous_0)
FN:13,(anonymous_1)
FNF:2
FNH:0
FNDA:0,(anonymous_0)
FNDA:0,(anonymous_1)
DA:7,1
DA:10,0
DA:15,0
DA:16,0
DA:17,0
DA:19,0
LF:6
LH:1
BRDA:16,0,0,0
BRF:1
BRH:0
end_of_record
TN:
SF:..\projects\ngx-sp-infra\src\lib\directives\disable-control.directive.ts
FN:12,(anonymous_0)
FN:14,(anonymous_1)
FNF:2
FNH:0
FNDA:0,(anonymous_0)
FNDA:0,(anonymous_1)
DA:8,1
DA:12,0
DA:15,0
DA:16,0
DA:18,0
LF:5
LH:1
BRDA:15,0,0,0
BRDA:15,0,1,0
BRF:2
BRH:0
end_of_record
TN:
SF:..\projects\ngx-sp-infra\src\lib\directives\highlight.directive.ts
FN:13,(anonymous_0)
FN:15,(anonymous_1)
FN:40,(anonymous_2)
FNF:3
FNH:0
FNDA:0,(anonymous_0)
FNDA:0,(anonymous_1)
FNDA:0,(anonymous_2)
DA:7,1
DA:8,0
DA:9,0
DA:10,0
DA:11,0
DA:13,0
DA:16,0
DA:17,0
DA:20,0
DA:21,0
DA:28,0
DA:29,0
DA:30,0
DA:33,0
DA:41,0
DA:42,0
LF:16
LH:1
BRDA:16,0,0,0
BRDA:20,1,0,0
BRDA:28,2,0,0
BRDA:28,3,0,0
BRDA:28,3,1,0
BRDA:28,3,2,0
BRF:6
BRH:0
end_of_record
TN:
SF:..\projects\ngx-sp-infra\src\lib\directives\loading-btn.directive.ts
FN:27,(anonymous_0)
FN:28,(anonymous_1)
FN:43,(anonymous_2)
FN:48,(anonymous_3)
FN:50,(anonymous_4)
FN:60,(anonymous_5)
FN:73,(anonymous_6)
FNF:7
FNH:0
FNDA:0,(anonymous_0)
FNDA:0,(anonymous_1)
FNDA:0,(anonymous_2)
FNDA:0,(anonymous_3)
FNDA:0,(anonymous_4)
FNDA:0,(anonymous_5)
FNDA:0,(anonymous_6)
DA:7,1
DA:12,0
DA:20,0
DA:24,0
DA:27,0
DA:29,0
DA:31,0
DA:32,0
DA:44,0
DA:45,0
DA:52,0
DA:53,0
DA:62,0
DA:65,0
DA:66,0
DA:75,0
DA:76,0
DA:77,0
LF:18
LH:1
BRDA:29,0,0,0
BRDA:29,0,1,0
BRDA:31,1,0,0
BRDA:31,1,1,0
BRDA:52,2,0,0
BRDA:62,3,0,0
BRDA:75,4,0,0
BRF:7
BRH:0
end_of_record
TN:
SF:..\projects\ngx-sp-infra\src\lib\directives\required.directive.ts
FN:46,(anonymous_0)
FN:56,(anonymous_1)
FN:57,(anonymous_2)
FN:66,(anonymous_3)
FN:74,(anonymous_4)
FN:83,(anonymous_5)
FN:94,(anonymous_6)
FNF:7
FNH:0
FNDA:0,(anonymous_0)
FNDA:0,(anonymous_1)
FNDA:0,(anonymous_2)
FNDA:0,(anonymous_3)
FNDA:0,(anonymous_4)
FNDA:0,(anonymous_5)
FNDA:0,(anonymous_6)
DA:39,1
DA:40,0
DA:47,0
DA:48,0
DA:56,0
DA:57,0
DA:60,0
DA:67,0
DA:69,0
DA:70,0
DA:75,0
DA:76,0
DA:77,0
DA:84,0
DA:86,0
DA:87,0
DA:88,0
DA:89,0
DA:90,0
DA:95,0
DA:97,0
DA:98,0
LF:22
LH:1
BRDA:56,0,0,0
BRDA:56,0,1,0
BRDA:69,1,0,0
BRDA:75,2,0,0
BRDA:75,3,0,0
BRDA:75,3,1,0
BRDA:76,4,0,0
BRDA:76,4,1,0
BRDA:84,5,0,0
BRDA:95,6,0,0
BRDA:98,7,0,0
BRF:11
BRH:0
end_of_record
TN:
SF:..\projects\ngx-sp-infra\src\lib\directives\text-truncate.directive.ts
FN:12,(anonymous_0)
FN:9,(anonymous_1)
FN:31,(anonymous_2)
FN:36,(anonymous_3)
FN:44,(anonymous_4)
FNF:5
FNH:0
FNDA:0,(anonymous_0)
FNDA:0,(anonymous_1)
FNDA:0,(anonymous_2)
FNDA:0,(anonymous_3)
FNDA:0,(anonymous_4)
DA:7,1
DA:9,0
DA:14,0
DA:32,0
DA:33,0
DA:37,0
DA:38,0
DA:45,0
DA:47,0
DA:48,0
DA:49,0
DA:50,0
DA:51,0
LF:13
LH:1
BRDA:9,0,0,0
BRDA:9,0,1,0
BRDA:33,1,0,0
BRDA:37,2,0,0
BRDA:37,3,0,0
BRDA:37,3,1,0
BRDA:38,4,0,0
BRF:7
BRH:0
end_of_record
TN:
SF:..\projects\ngx-sp-infra\src\lib\message\message-enum.ts
FN:1,(anonymous_0)
FN:12,(anonymous_1)
FNF:2
FNH:2
FNDA:1,(anonymous_0)
FNDA:1,(anonymous_1)
DA:1,1
DA:2,1
DA:3,1
DA:4,1
DA:5,1
DA:6,1
DA:7,1
DA:8,1
DA:9,1
DA:12,1
DA:13,1
DA:14,1
DA:15,1
DA:16,1
DA:17,1
DA:18,1
DA:19,1
DA:20,1
LF:18
LH:18
BRDA:1,0,0,1
BRDA:1,0,1,1
BRDA:12,1,0,1
BRDA:12,1,1,1
BRF:4
BRH:4
end_of_record
TN:
SF:..\projects\ngx-sp-infra\src\lib\message\message.service.ts
FN:21,(anonymous_0)
FN:24,(anonymous_1)
FN:41,(anonymous_2)
FN:46,(anonymous_3)
FN:51,(anonymous_4)
FN:56,(anonymous_5)
FN:60,(anonymous_6)
FN:65,(anonymous_7)
FN:69,(anonymous_8)
FN:74,(anonymous_9)
FN:79,(anonymous_10)
FN:84,(anonymous_11)
FN:116,(anonymous_12)
FN:162,(anonymous_13)
FNF:14
FNH:1
FNDA:1,(anonymous_0)
FNDA:0,(anonymous_1)
FNDA:0,(anonymous_2)
FNDA:0,(anonymous_3)
FNDA:0,(anonymous_4)
FNDA:0,(anonymous_5)
FNDA:0,(anonymous_6)
FNDA:0,(anonymous_7)
FNDA:0,(anonymous_8)
FNDA:0,(anonymous_9)
FNDA:0,(anonymous_10)
FNDA:0,(anonymous_11)
FNDA:0,(anonymous_12)
FNDA:0,(anonymous_13)
DA:20,1
DA:21,1
DA:30,0
DA:36,0
DA:40,0
DA:41,0
DA:47,0
DA:52,0
DA:57,0
DA:61,0
DA:66,0
DA:70,0
DA:75,0
DA:80,0
DA:92,0
DA:93,0
DA:96,0
DA:98,0
DA:106,0
DA:110,0
DA:124,0
DA:125,0
DA:128,0
DA:129,0
DA:132,0
DA:135,0
DA:144,0
DA:148,0
DA:164,0
DA:173,0
LF:30
LH:2
BRDA:40,0,0,0
BRDA:92,1,0,0
BRDA:96,2,0,0
BRDA:124,3,0,0
BRDA:128,4,0,0
BRDA:132,5,0,0
BRF:6
BRH:0
end_of_record
TN:
SF:..\projects\ngx-sp-infra\src\lib\message\alert\alert.component.ts
FN:20,(anonymous_0)
FN:26,(anonymous_1)
FN:41,(anonymous_2)
FN:48,(anonymous_3)
FNF:4
FNH:0
FNDA:0,(anonymous_0)
FNDA:0,(anonymous_1)
FNDA:0,(anonymous_2)
FNDA:0,(anonymous_3)
DA:15,1
DA:18,0
DA:21,0
DA:22,0
DA:27,0
DA:29,0
DA:31,0
DA:34,0
DA:36,0
DA:38,0
DA:42,0
DA:44,0
DA:45,0
DA:49,0
DA:51,0
LF:15
LH:1
BRDA:31,0,0,0
BRDA:31,0,1,0
BRF:2
BRH:0
end_of_record
TN:
SF:..\projects\ngx-sp-infra\src\lib\message\confirm\confirm.component.ts
FN:24,(anonymous_0)
FN:26,(anonymous_1)
FN:40,(anonymous_2)
FN:44,(anonymous_3)
FN:48,(anonymous_4)
FNF:5
FNH:0
FNDA:0,(anonymous_0)
FNDA:0,(anonymous_1)
FNDA:0,(anonymous_2)
FNDA:0,(anonymous_3)
FNDA:0,(anonymous_4)
DA:13,1
DA:16,0
DA:17,0
DA:20,0
DA:24,0
DA:27,0
DA:29,0
DA:31,0
DA:33,0
DA:35,0
DA:37,0
DA:41,0
DA:45,0
DA:49,0
DA:50,0
DA:51,0
LF:16
LH:1
BRDA:33,0,0,0
BRDA:33,0,1,0
BRF:2
BRH:0
end_of_record
TN:
SF:..\projects\ngx-sp-infra\src\lib\message\confirm-modal\confirm-modal.component.ts
FN:13,(anonymous_0)
FN:53,(anonymous_1)
FN:70,(anonymous_2)
FNF:3
FNH:0
FNDA:0,(anonymous_0)
FNDA:0,(anonymous_1)
FNDA:0,(anonymous_2)
DA:11,1
DA:19,0
DA:25,0
DA:29,0
DA:30,0
DA:31,0
DA:32,0
DA:34,0
DA:36,0
DA:54,0
DA:56,0
DA:57,0
DA:60,0
DA:71,0
LF:14
LH:1
BRDA:54,0,0,0
BRDA:54,0,1,0
BRDA:70,1,0,0
BRF:3
BRH:0
end_of_record
TN:
SF:..\projects\ngx-sp-infra\src\lib\message\save\save.component.ts
FN:26,(anonymous_0)
FN:28,(anonymous_1)
FN:32,(anonymous_2)
FN:39,(anonymous_3)
FN:43,(anonymous_4)
FNF:5
FNH:0
FNDA:0,(anonymous_0)
FNDA:0,(anonymous_1)
FNDA:0,(anonymous_2)
FNDA:0,(anonymous_3)
FNDA:0,(anonymous_4)
DA:16,1
DA:19,0
DA:20,0
DA:26,0
DA:29,0
DA:35,0
DA:36,0
DA:40,0
DA:44,0
DA:45,0
DA:48,0
LF:11
LH:1
BRDA:44,0,0,0
BRF:1
BRH:0
end_of_record
TN:
SF:..\projects\ngx-sp-infra\src\lib\models\config-senha\7Db\InfraSegConfig.record.ts
FN:1,(anonymous_0)
FNF:1
FNH:0
FNDA:0,(anonymous_0)
DA:2,0
DA:3,0
DA:4,0
DA:5,0
DA:6,0
DA:7,0
DA:8,0
DA:9,0
DA:10,0
DA:11,0
DA:12,0
DA:13,0
LF:12
LH:0
BRF:0
BRH:0
end_of_record
TN:
SF:..\projects\ngx-sp-infra\src\lib\models\filters\basic-filters.ts
FN:1,(anonymous_0)
FNF:1
FNH:0
FNDA:0,(anonymous_0)
DA:2,0
DA:3,0
LF:2
LH:0
BRF:0
BRH:0
end_of_record
TN:
SF:..\projects\ngx-sp-infra\src\lib\models\icons\icon.model.ts
FN:17,(anonymous_0)
FN:31,(anonymous_1)
FN:2474,(anonymous_2)
FN:2484,(anonymous_3)
FN:2485,(anonymous_4)
FNF:5
FNH:5
FNDA:10,(anonymous_0)
FNDA:10,(anonymous_1)
FNDA:18120,(anonymous_2)
FNDA:30,(anonymous_3)
FNDA:3954,(anonymous_4)
DA:18,10
DA:20,10
DA:21,0
DA:22,0
DA:23,0
DA:24,10
DA:27,10
DA:33,10
DA:2474,10
DA:2475,18120
DA:2476,8540
DA:2477,20
DA:2481,10
DA:2485,3954
LF:14
LH:11
BRDA:20,0,0,0
BRDA:20,0,1,0
BRDA:20,0,2,0
BRDA:20,0,3,10
BRDA:167,1,0,0
BRDA:167,1,1,10
BRDA:611,2,0,0
BRDA:611,2,1,10
BRDA:2475,3,0,9580
BRDA:2476,4,0,8520
BRF:10
BRH:5
end_of_record
TN:
SF:..\projects\ngx-sp-infra\src\lib\pipes\cpf-cnpj.pipe.ts
FN:9,(anonymous_0)
FNF:1
FNH:0
FNDA:0,(anonymous_0)
DA:7,1
DA:11,0
DA:12,0
DA:14,0
DA:16,0
LF:5
LH:1
BRDA:11,0,0,0
BRDA:11,0,1,0
BRDA:11,0,2,0
BRF:3
BRH:0
end_of_record
TN:
SF:..\projects\ngx-sp-infra\src\lib\pipes\currency.pipe.ts
FN:9,(anonymous_0)
FNF:1
FNH:0
FNDA:0,(anonymous_0)
DA:7,1
DA:11,0
LF:2
LH:1
BRF:0
BRH:0
end_of_record
TN:
SF:..\projects\ngx-sp-infra\src\lib\pipes\decimal-comma.pipe.ts
FN:9,(anonymous_0)
FNF:1
FNH:0
FNDA:0,(anonymous_0)
DA:7,1
DA:10,0
DA:11,0
LF:3
LH:1
BRDA:10,0,0,0
BRDA:10,0,1,0
BRF:2
BRH:0
end_of_record
TN:
SF:..\projects\ngx-sp-infra\src\lib\pipes\filter-multiple-choice.pipe.ts
FN:10,(anonymous_0)
FN:11,(anonymous_1)
FNF:2
FNH:0
FNDA:0,(anonymous_0)
FNDA:0,(anonymous_1)
DA:8,1
DA:11,0
LF:2
LH:1
BRF:0
BRH:0
end_of_record
TN:
SF:..\projects\ngx-sp-infra\src\lib\pipes\format-by-type.pipe.ts
FN:10,(anonymous_0)
FN:35,(anonymous_1)
FN:40,(anonymous_2)
FNF:3
FNH:3
FNDA:2,(anonymous_0)
FNDA:2,(anonymous_1)
FNDA:1,(anonymous_2)
DA:8,1
DA:11,2
DA:13,2
DA:14,1
DA:16,1
DA:17,1
DA:18,1
DA:19,1
DA:23,0
DA:25,0
DA:27,0
DA:30,0
DA:36,2
DA:41,1
DA:47,1
DA:48,1
DA:51,0
DA:55,1
DA:58,1
LF:19
LH:14
BRDA:13,0,0,1
BRDA:13,0,1,1
BRDA:16,1,0,1
BRDA:18,2,0,1
BRDA:23,3,0,0
BRDA:23,4,0,0
BRDA:23,4,1,0
BRDA:25,5,0,0
BRDA:25,6,0,0
BRDA:25,6,1,0
BRDA:27,7,0,0
BRDA:27,8,0,0
BRDA:27,8,1,0
BRDA:41,9,0,1
BRDA:41,9,1,0
BRDA:47,10,0,1
BRDA:47,10,1,0
BRDA:55,11,0,0
BRDA:55,12,0,1
BRDA:55,12,1,1
BRDA:55,12,2,1
BRF:21
BRH:9
end_of_record
TN:
SF:..\projects\ngx-sp-infra\src\lib\pipes\order-sort.pipe.ts
FN:9,(anonymous_0)
FN:14,(anonymous_1)
FNF:2
FNH:0
FNDA:0,(anonymous_0)
FNDA:0,(anonymous_1)
DA:8,1
DA:10,0
DA:11,0
DA:14,0
LF:4
LH:1
BRDA:10,0,0,0
BRF:1
BRH:0
end_of_record
TN:
SF:..\projects\ngx-sp-infra\src\lib\pipes\phone-format.pipe.ts
FN:9,(anonymous_0)
FNF:1
FNH:0
FNDA:0,(anonymous_0)
DA:7,1
DA:10,0
DA:12,0
DA:14,0
DA:15,0
DA:16,0
DA:18,0
LF:7
LH:1
BRDA:12,0,0,0
BRF:1
BRH:0
end_of_record
TN:
SF:..\projects\ngx-sp-infra\src\lib\pipes\text-filter.pipe.ts
FN:11,(anonymous_0)
FN:14,(anonymous_1)
FNF:2
FNH:0
FNDA:0,(anonymous_0)
FNDA:0,(anonymous_1)
DA:10,1
DA:12,0
DA:14,0
LF:3
LH:1
BRDA:12,0,0,0
BRDA:12,1,0,0
BRDA:12,1,1,0
BRDA:12,1,2,0
BRDA:14,2,0,0
BRDA:14,2,1,0
BRDA:14,2,2,0
BRDA:14,2,3,0
BRDA:14,2,4,0
BRDA:14,2,5,0
BRF:10
BRH:0
end_of_record
TN:
SF:..\projects\ngx-sp-infra\src\lib\pipes\title-case-pipe.pipe.ts
FN:9,(anonymous_0)
FNF:1
FNH:0
FNDA:0,(anonymous_0)
DA:8,1
DA:10,0
DA:12,0
LF:3
LH:1
BRDA:10,0,0,0
BRF:1
BRH:0
end_of_record
TN:
SF:..\projects\ngx-sp-infra\src\lib\pipes\to-url.pipe.ts
FN:16,(anonymous_0)
FN:20,(anonymous_1)
FNF:2
FNH:0
FNDA:0,(anonymous_0)
FNDA:0,(anonymous_1)
DA:14,1
DA:17,0
DA:22,0
DA:23,0
DA:26,0
DA:27,0
DA:31,0
LF:7
LH:1
BRDA:22,0,0,0
BRF:1
BRH:0
end_of_record
TN:
SF:..\projects\ngx-sp-infra\src\lib\service\configuracao-senha.service.ts
FN:30,(anonymous_0)
FN:39,(anonymous_1)
FN:48,(anonymous_2)
FN:53,(anonymous_3)
FN:60,(anonymous_4)
FN:68,(anonymous_5)
FN:71,(anonymous_6)
FNF:7
FNH:3
FNDA:1,(anonymous_0)
FNDA:1,(anonymous_1)
FNDA:0,(anonymous_2)
FNDA:0,(anonymous_3)
FNDA:0,(anonymous_4)
FNDA:0,(anonymous_5)
FNDA:1,(anonymous_6)
DA:14,1
DA:19,1
DA:20,1
DA:23,1
DA:30,1
DA:31,1
DA:40,1
DA:42,1
DA:45,1
DA:47,1
DA:48,0
DA:54,0
DA:57,0
DA:59,0
DA:60,0
DA:68,0
DA:72,1
LF:17
LH:11
BRDA:23,0,0,1
BRDA:23,0,1,1
BRDA:68,1,0,0
BRDA:72,2,0,0
BRF:4
BRH:2
end_of_record
TN:
SF:..\projects\ngx-sp-infra\src\lib\service\global-loading.service.ts
FN:17,(anonymous_0)
FN:30,(anonymous_1)
FN:51,(anonymous_2)
FNF:3
FNH:0
FNDA:0,(anonymous_0)
FNDA:0,(anonymous_1)
FNDA:0,(anonymous_2)
DA:6,1
DA:11,0
DA:18,0
DA:19,0
DA:20,0
DA:32,0
DA:35,0
DA:38,0
DA:41,0
DA:44,0
DA:47,0
DA:48,0
DA:52,0
DA:55,0
DA:56,0
DA:57,0
LF:16
LH:1
BRDA:30,0,0,0
BRDA:32,1,0,0
BRDA:52,2,0,0
BRF:3
BRH:0
end_of_record
TN:
SF:..\projects\ngx-sp-infra\src\lib\service\tenant.service.ts
FN:13,(anonymous_0)
FN:36,(anonymous_1)
FN:40,(anonymous_2)
FN:48,(anonymous_3)
FN:52,(anonymous_4)
FN:57,(anonymous_5)
FNF:6
FNH:2
FNDA:1,(anonymous_0)
FNDA:0,(anonymous_1)
FNDA:0,(anonymous_2)
FNDA:0,(anonymous_3)
FNDA:0,(anonymous_4)
FNDA:1,(anonymous_5)
DA:8,1
DA:10,1
DA:14,1
DA:15,1
DA:18,1
DA:20,1
DA:21,0
DA:22,0
DA:23,0
DA:31,1
DA:34,1
DA:37,0
DA:41,0
DA:46,1
DA:49,0
DA:53,0
DA:58,1
DA:59,0
DA:61,0
DA:62,0
LF:20
LH:10
BRDA:20,0,0,0
BRDA:58,1,0,0
BRDA:58,2,0,1
BRDA:58,2,1,1
BRF:4
BRH:2
end_of_record
TN:
SF:..\projects\ngx-sp-infra\src\lib\utils\form-utils.ts
FN:10,(anonymous_0)
FN:17,(anonymous_1)
FN:22,(anonymous_2)
FN:31,(anonymous_3)
FN:32,(anonymous_4)
FN:53,(anonymous_5)
FN:117,(anonymous_6)
FNF:7
FNH:0
FNDA:0,(anonymous_0)
FNDA:0,(anonymous_1)
FNDA:0,(anonymous_2)
FNDA:0,(anonymous_3)
FNDA:0,(anonymous_4)
FNDA:0,(anonymous_5)
FNDA:0,(anonymous_6)
DA:11,0
DA:13,0
DA:18,0
DA:23,0
DA:24,0
DA:25,0
DA:27,0
DA:32,0
DA:33,0
DA:35,0
DA:37,0
DA:39,0
DA:40,0
DA:42,0
DA:44,0
DA:45,0
DA:54,0
DA:69,0
DA:118,0
DA:120,0
LF:20
LH:0
BRDA:11,0,0,0
BRDA:11,0,1,0
BRDA:11,0,2,0
BRDA:13,1,0,0
BRDA:13,1,1,0
BRDA:18,2,0,0
BRDA:18,2,1,0
BRDA:18,3,0,0
BRDA:18,3,1,0
BRDA:18,3,2,0
BRDA:23,4,0,0
BRDA:23,4,1,0
BRDA:24,5,0,0
BRDA:24,5,1,0
BRDA:24,6,0,0
BRDA:24,6,1,0
BRDA:24,6,2,0
BRDA:44,7,0,0
BRDA:44,8,0,0
BRDA:44,8,1,0
BRDA:69,9,0,0
BRDA:69,9,1,0
BRDA:71,10,0,0
BRDA:71,10,1,0
BRDA:118,11,0,0
BRDA:118,12,0,0
BRDA:118,12,1,0
BRDA:118,12,2,0
BRDA:118,12,3,0
BRF:29
BRH:0
end_of_record
TN:
SF:..\projects\ngx-sp-infra\src\lib\utils\utils.ts
FN:4,(anonymous_0)
FN:58,(anonymous_1)
FN:64,(anonymous_2)
FN:75,(anonymous_3)
FN:90,(anonymous_4)
FN:99,(anonymous_5)
FN:110,(anonymous_6)
FN:147,(anonymous_7)
FN:152,(anonymous_8)
FN:156,(anonymous_9)
FN:165,(anonymous_10)
FN:173,(anonymous_11)
FN:179,(anonymous_12)
FN:189,(anonymous_13)
FN:212,(anonymous_14)
FN:232,pad
FN:238,(anonymous_16)
FN:259,pad
FN:269,(anonymous_18)
FN:282,(anonymous_19)
FN:302,(anonymous_20)
FN:313,(anonymous_21)
FN:325,(anonymous_22)
FN:329,(anonymous_23)
FN:340,(anonymous_24)
FN:369,(anonymous_25)
FN:400,(anonymous_26)
FN:421,(anonymous_27)
FN:432,(anonymous_28)
FN:434,(anonymous_29)
FN:439,(anonymous_30)
FN:444,(anonymous_31)
FN:450,(anonymous_32)
FN:469,(anonymous_33)
FN:512,(anonymous_34)
FN:518,(anonymous_35)
FN:524,(anonymous_36)
FN:530,(anonymous_37)
FNF:38
FNH:0
FNDA:0,(anonymous_0)
FNDA:0,(anonymous_1)
FNDA:0,(anonymous_2)
FNDA:0,(anonymous_3)
FNDA:0,(anonymous_4)
FNDA:0,(anonymous_5)
FNDA:0,(anonymous_6)
FNDA:0,(anonymous_7)
FNDA:0,(anonymous_8)
FNDA:0,(anonymous_9)
FNDA:0,(anonymous_10)
FNDA:0,(anonymous_11)
FNDA:0,(anonymous_12)
FNDA:0,(anonymous_13)
FNDA:0,(anonymous_14)
FNDA:0,pad
FNDA:0,(anonymous_16)
FNDA:0,pad
FNDA:0,(anonymous_18)
FNDA:0,(anonymous_19)
FNDA:0,(anonymous_20)
FNDA:0,(anonymous_21)
FNDA:0,(anonymous_22)
FNDA:0,(anonymous_23)
FNDA:0,(anonymous_24)
FNDA:0,(anonymous_25)
FNDA:0,(anonymous_26)
FNDA:0,(anonymous_27)
FNDA:0,(anonymous_28)
FNDA:0,(anonymous_29)
FNDA:0,(anonymous_30)
FNDA:0,(anonymous_31)
FNDA:0,(anonymous_32)
FNDA:0,(anonymous_33)
FNDA:0,(anonymous_34)
FNDA:0,(anonymous_35)
FNDA:0,(anonymous_36)
FNDA:0,(anonymous_37)
DA:6,0
DA:8,0
DA:10,0
DA:14,0
DA:16,0
DA:18,0
DA:20,0
DA:21,0
DA:24,0
DA:28,0
DA:34,0
DA:36,0
DA:37,0
DA:40,0
DA:44,0
DA:50,0
DA:55,0
DA:59,0
DA:61,0
DA:65,0
DA:67,0
DA:76,0
DA:78,0
DA:79,0
DA:80,0
DA:82,0
DA:91,0
DA:100,0
DA:111,0
DA:113,0
DA:115,0
DA:118,0
DA:119,0
DA:121,0
DA:122,0
DA:125,0
DA:126,0
DA:129,0
DA:132,0
DA:134,0
DA:137,0
DA:139,0
DA:140,0
DA:143,0
DA:148,0
DA:153,0
DA:157,0
DA:158,0
DA:159,0
DA:160,0
DA:162,0
DA:166,0
DA:168,0
DA:170,0
DA:174,0
DA:176,0
DA:180,0
DA:181,0
DA:182,0
DA:184,0
DA:194,0
DA:195,0
DA:202,0
DA:203,0
DA:204,0
DA:205,0
DA:208,0
DA:217,0
DA:218,0
DA:225,0
DA:226,0
DA:227,0
DA:229,0
DA:232,0
DA:234,0
DA:241,0
DA:242,0
DA:249,0
DA:250,0
DA:251,0
DA:252,0
DA:253,0
DA:254,0
DA:256,0
DA:259,0
DA:261,0
DA:263,0
DA:264,0
DA:266,0
DA:270,0
DA:272,0
DA:274,0
DA:276,0
DA:278,0
DA:285,0
DA:286,0
DA:290,0
DA:291,0
DA:292,0
DA:293,0
DA:294,0
DA:295,0
DA:296,0
DA:299,0
DA:303,0
DA:304,0
DA:306,0
DA:307,0
DA:309,0
DA:314,0
DA:316,0
DA:317,0
DA:320,0
DA:322,0
DA:326,0
DA:331,0
DA:332,0
DA:335,0
DA:337,0
DA:341,0
DA:342,0
DA:345,0
DA:348,0
DA:349,0
DA:350,0
DA:351,0
DA:352,0
DA:353,0
DA:355,0
DA:357,0
DA:370,0
DA:371,0
DA:372,0
DA:374,0
DA:375,0
DA:378,0
DA:379,0
DA:385,0
DA:387,0
DA:388,0
DA:389,0
DA:391,0
DA:392,0
DA:401,0
DA:403,0
DA:404,0
DA:406,0
DA:408,0
DA:410,0
DA:411,0
DA:422,0
DA:424,0
DA:425,0
DA:427,0
DA:434,0
DA:435,0
DA:443,0
DA:445,0
DA:451,0
DA:452,0
DA:459,1
DA:460,1
DA:470,0
DA:473,0
DA:474,0
DA:477,0
DA:478,0
DA:479,0
DA:481,0
DA:482,0
DA:483,0
DA:485,0
DA:486,0
DA:487,0
DA:488,0
DA:491,0
DA:492,0
DA:493,0
DA:497,0
DA:498,0
DA:501,0
DA:502,0
DA:505,0
DA:513,0
DA:514,0
DA:519,0
DA:520,0
DA:525,0
DA:526,0
DA:531,0
DA:532,0
LF:191
LH:2
BRDA:8,0,0,0
BRDA:8,0,1,0
BRDA:14,1,0,0
BRDA:14,1,1,0
BRDA:16,2,0,0
BRDA:16,2,1,0
BRDA:18,3,0,0
BRDA:18,3,1,0
BRDA:20,4,0,0
BRDA:20,4,1,0
BRDA:34,5,0,0
BRDA:34,5,1,0
BRDA:36,6,0,0
BRDA:36,6,1,0
BRDA:76,7,0,0
BRDA:76,7,1,0
BRDA:78,8,0,0
BRDA:78,8,1,0
BRDA:79,9,0,0
BRDA:79,9,1,0
BRDA:79,10,0,0
BRDA:79,10,1,0
BRDA:79,10,2,0
BRDA:110,11,0,0
BRDA:118,12,0,0
BRDA:121,13,0,0
BRDA:125,14,0,0
BRDA:132,15,0,0
BRDA:139,16,0,0
BRDA:139,17,0,0
BRDA:139,17,1,0
BRDA:184,18,0,0
BRDA:184,18,1,0
BRDA:232,19,0,0
BRDA:232,19,1,0
BRDA:259,20,0,0
BRDA:259,20,1,0
BRDA:306,21,0,0
BRDA:306,21,1,0
BRDA:331,22,0,0
BRDA:341,23,0,0
BRDA:341,24,0,0
BRDA:341,24,1,0
BRDA:451,25,0,0
BRDA:451,25,1,0
BRDA:451,25,2,0
BRDA:469,26,0,0
BRDA:470,27,0,0
BRDA:470,27,1,0
BRDA:473,28,0,0
BRDA:473,28,1,0
BRDA:474,29,0,0
BRDA:474,29,1,0
BRDA:477,30,0,0
BRDA:477,30,1,0
BRDA:478,31,0,0
BRDA:478,31,1,0
BRDA:482,32,0,0
BRDA:482,32,1,0
BRDA:483,33,0,0
BRDA:483,33,1,0
BRDA:491,34,0,0
BRDA:491,35,0,0
BRDA:491,35,1,0
BRDA:492,36,0,0
BRDA:497,37,0,0
BRDA:498,38,0,0
BRDA:502,39,0,0
BRDA:513,40,0,0
BRDA:513,41,0,0
BRDA:513,41,1,0
BRDA:513,41,2,0
BRDA:519,42,0,0
BRDA:519,43,0,0
BRDA:519,43,1,0
BRDA:525,44,0,0
BRDA:525,45,0,0
BRDA:525,45,1,0
BRDA:525,45,2,0
BRDA:531,46,0,0
BRDA:531,47,0,0
BRDA:531,47,1,0
BRF:82
BRH:0
end_of_record
TN:
SF:..\projects\ngx-sp-infra\src\lib\widgets\applied-filters\applied-filters.component.ts
FN:20,(anonymous_0)
FN:27,(anonymous_1)
FN:28,(anonymous_2)
FN:33,(anonymous_3)
FN:48,(anonymous_4)
FN:53,(anonymous_5)
FN:56,(anonymous_6)
FNF:7
FNH:3
FNDA:0,(anonymous_0)
FNDA:1,(anonymous_1)
FNDA:1,(anonymous_2)
FNDA:0,(anonymous_3)
FNDA:10,(anonymous_4)
FNDA:0,(anonymous_5)
FNDA:0,(anonymous_6)
DA:15,1
DA:20,0
DA:22,10
DA:27,1
DA:33,1
DA:36,10
DA:38,10
DA:39,10
DA:41,10
DA:54,0
DA:56,0
DA:57,0
LF:12
LH:8
BRDA:33,0,0,1
BRDA:33,0,1,0
BRDA:57,1,0,0
BRF:3
BRH:1
end_of_record
TN:
SF:..\projects\ngx-sp-infra\src\lib\widgets\auditoria-button\auditoria-button.component.ts
FN:15,(anonymous_0)
FN:22,(anonymous_1)
FN:26,(anonymous_2)
FNF:3
FNH:0
FNDA:0,(anonymous_0)
FNDA:0,(anonymous_1)
FNDA:0,(anonymous_2)
DA:15,1
DA:19,0
DA:23,0
DA:29,0
DA:31,0
DA:36,0
DA:37,0
DA:39,0
DA:40,0
DA:44,0
DA:46,0
DA:47,0
LF:12
LH:1
BRDA:36,0,0,0
BRDA:36,0,1,0
BRDA:39,1,0,0
BRDA:40,2,0,0
BRDA:40,2,1,0
BRDA:40,3,0,0
BRDA:40,3,1,0
BRDA:46,4,0,0
BRDA:47,5,0,0
BRDA:47,5,1,0
BRDA:47,6,0,0
BRDA:47,6,1,0
BRF:12
BRH:0
end_of_record
TN:
SF:..\projects\ngx-sp-infra\src\lib\widgets\breadcrumb\infra-breadcrumb\infra-breadcrumb.component.ts
FN:33,(anonymous_0)
FNF:1
FNH:0
FNDA:0,(anonymous_0)
DA:31,1
LF:1
LH:1
BRF:0
BRH:0
end_of_record
TN:
SF:..\projects\ngx-sp-infra\src\lib\widgets\breadcrumb\infra-breadcrumb-item\infra-breadcrumb-item.component.ts
FN:17,(anonymous_0)
FN:19,(anonymous_1)
FNF:2
FNH:0
FNDA:0,(anonymous_0)
FNDA:0,(anonymous_1)
DA:15,1
DA:17,0
DA:20,0
DA:22,0
DA:23,0
DA:25,0
DA:26,0
LF:7
LH:1
BRDA:22,0,0,0
BRDA:25,1,0,0
BRF:2
BRH:0
end_of_record
TN:
SF:..\projects\ngx-sp-infra\src\lib\widgets\breadcrumb\portalrh-breadcrumb\breadcrumb.component.ts
FN:14,(anonymous_0)
FN:16,(anonymous_1)
FNF:2
FNH:0
FNDA:0,(anonymous_0)
FNDA:0,(anonymous_1)
DA:9,1
DA:11,0
DA:12,0
LF:3
LH:1
BRF:0
BRH:0
end_of_record
TN:
SF:..\projects\ngx-sp-infra\src\lib\widgets\combobox\combobox.component.ts
FN:134,(anonymous_0)
FN:137,(anonymous_1)
FN:143,(anonymous_2)
FN:150,(anonymous_3)
FN:153,(anonymous_4)
FN:163,(anonymous_5)
FN:167,(anonymous_6)
FN:171,(anonymous_7)
FN:181,(anonymous_8)
FN:197,(anonymous_9)
FN:209,(anonymous_10)
FN:266,(anonymous_11)
FN:278,(anonymous_12)
FN:282,(anonymous_13)
FN:286,(anonymous_14)
FN:290,(anonymous_15)
FN:294,(anonymous_16)
FN:327,(anonymous_17)
FN:336,(anonymous_18)
FN:347,(anonymous_19)
FN:376,(anonymous_20)
FN:377,(anonymous_21)
FN:399,(anonymous_22)
FN:399,(anonymous_23)
FN:399,(anonymous_24)
FN:402,(anonymous_25)
FN:402,(anonymous_26)
FN:402,(anonymous_27)
FN:414,(anonymous_28)
FN:425,(anonymous_29)
FN:448,(anonymous_30)
FN:448,(anonymous_31)
FN:448,(anonymous_32)
FN:451,(anonymous_33)
FN:451,(anonymous_34)
FN:451,(anonymous_35)
FN:462,(anonymous_36)
FN:472,(anonymous_37)
FN:486,(anonymous_38)
FN:490,(anonymous_39)
FN:497,(anonymous_40)
FN:533,(anonymous_41)
FN:535,(anonymous_42)
FN:548,(anonymous_43)
FN:571,(anonymous_44)
FN:586,(anonymous_45)
FN:598,(anonymous_46)
FN:610,(anonymous_47)
FN:31,(anonymous_49)
FNF:49
FNH:0
FNDA:0,(anonymous_0)
FNDA:0,(anonymous_1)
FNDA:0,(anonymous_2)
FNDA:0,(anonymous_3)
FNDA:0,(anonymous_4)
FNDA:0,(anonymous_5)
FNDA:0,(anonymous_6)
FNDA:0,(anonymous_7)
FNDA:0,(anonymous_8)
FNDA:0,(anonymous_9)
FNDA:0,(anonymous_10)
FNDA:0,(anonymous_11)
FNDA:0,(anonymous_12)
FNDA:0,(anonymous_13)
FNDA:0,(anonymous_14)
FNDA:0,(anonymous_15)
FNDA:0,(anonymous_16)
FNDA:0,(anonymous_17)
FNDA:0,(anonymous_18)
FNDA:0,(anonymous_19)
FNDA:0,(anonymous_20)
FNDA:0,(anonymous_21)
FNDA:0,(anonymous_22)
FNDA:0,(anonymous_23)
FNDA:0,(anonymous_24)
FNDA:0,(anonymous_25)
FNDA:0,(anonymous_26)
FNDA:0,(anonymous_27)
FNDA:0,(anonymous_28)
FNDA:0,(anonymous_29)
FNDA:0,(anonymous_30)
FNDA:0,(anonymous_31)
FNDA:0,(anonymous_32)
FNDA:0,(anonymous_33)
FNDA:0,(anonymous_34)
FNDA:0,(anonymous_35)
FNDA:0,(anonymous_36)
FNDA:0,(anonymous_37)
FNDA:0,(anonymous_38)
FNDA:0,(anonymous_39)
FNDA:0,(anonymous_40)
FNDA:0,(anonymous_41)
FNDA:0,(anonymous_42)
FNDA:0,(anonymous_43)
FNDA:0,(anonymous_44)
FNDA:0,(anonymous_45)
FNDA:0,(anonymous_46)
FNDA:0,(anonymous_47)
FNDA:0,(anonymous_49)
DA:31,0
DA:38,1
DA:46,0
DA:51,0
DA:56,0
DA:66,0
DA:71,0
DA:76,0
DA:81,0
DA:86,0
DA:91,0
DA:96,0
DA:101,0
DA:111,0
DA:116,0
DA:127,0
DA:135,0
DA:138,0
DA:139,0
DA:140,0
DA:144,0
DA:145,0
DA:147,0
DA:150,0
DA:153,0
DA:164,0
DA:168,0
DA:173,0
DA:174,0
DA:183,0
DA:184,0
DA:185,0
DA:187,0
DA:188,0
DA:190,0
DA:199,0
DA:200,0
DA:201,0
DA:203,0
DA:210,0
DA:212,0
DA:213,0
DA:214,0
DA:215,0
DA:217,0
DA:219,0
DA:220,0
DA:224,0
DA:225,0
DA:227,0
DA:228,0
DA:230,0
DA:231,0
DA:235,0
DA:236,0
DA:238,0
DA:239,0
DA:241,0
DA:242,0
DA:246,0
DA:247,0
DA:252,0
DA:256,0
DA:259,0
DA:268,0
DA:269,0
DA:270,0
DA:271,0
DA:279,0
DA:283,0
DA:287,0
DA:291,0
DA:295,0
DA:296,0
DA:297,0
DA:298,0
DA:299,0
DA:300,0
DA:303,0
DA:306,0
DA:307,0
DA:308,0
DA:310,0
DA:312,0
DA:315,0
DA:317,0
DA:318,0
DA:322,0
DA:323,0
DA:328,0
DA:329,0
DA:330,0
DA:331,0
DA:337,0
DA:338,0
DA:340,0
DA:342,0
DA:348,0
DA:350,0
DA:352,0
DA:353,0
DA:354,0
DA:357,0
DA:359,0
DA:364,0
DA:365,0
DA:368,0
DA:377,0
DA:379,0
DA:380,0
DA:383,0
DA:385,0
DA:386,0
DA:387,0
DA:388,0
DA:390,0
DA:391,0
DA:393,0
DA:394,0
DA:397,0
DA:398,0
DA:399,0
DA:401,0
DA:402,0
DA:405,0
DA:406,0
DA:416,0
DA:418,0
DA:419,0
DA:421,0
DA:422,0
DA:425,0
DA:427,0
DA:428,0
DA:429,0
DA:434,0
DA:435,0
DA:438,0
DA:439,0
DA:441,0
DA:442,0
DA:443,0
DA:446,0
DA:447,0
DA:448,0
DA:450,0
DA:451,0
DA:455,0
DA:456,0
DA:463,0
DA:465,0
DA:466,0
DA:473,0
DA:474,0
DA:475,0
DA:477,0
DA:478,0
DA:480,0
DA:487,0
DA:491,0
DA:498,0
DA:513,0
DA:514,0
DA:516,0
DA:517,0
DA:519,0
DA:521,0
DA:523,0
DA:524,0
DA:525,0
DA:526,0
DA:527,0
DA:529,0
DA:530,0
DA:533,0
DA:534,0
DA:535,0
DA:537,0
DA:538,0
DA:542,0
DA:549,0
DA:551,0
DA:552,0
DA:556,0
DA:557,0
DA:563,0
DA:573,0
DA:574,0
DA:575,0
DA:578,0
DA:579,0
DA:588,0
DA:589,0
DA:590,0
DA:593,0
DA:594,0
DA:600,0
DA:601,0
DA:602,0
DA:604,0
DA:611,0
LF:201
LH:1
BRDA:173,0,0,0
BRDA:183,1,0,0
BRDA:199,2,0,0
BRDA:212,3,0,0
BRDA:212,4,0,0
BRDA:212,4,1,0
BRDA:219,5,0,0
BRDA:219,6,0,0
BRDA:219,6,1,0
BRDA:219,6,2,0
BRDA:224,7,0,0
BRDA:224,8,0,0
BRDA:224,8,1,0
BRDA:227,9,0,0
BRDA:235,10,0,0
BRDA:235,11,0,0
BRDA:235,11,1,0
BRDA:238,12,0,0
BRDA:246,13,0,0
BRDA:246,14,0,0
BRDA:246,14,1,0
BRDA:268,15,0,0
BRDA:268,16,0,0
BRDA:268,16,1,0
BRDA:269,17,0,0
BRDA:269,17,1,0
BRDA:295,18,0,0
BRDA:295,18,1,0
BRDA:296,19,0,0
BRDA:296,19,1,0
BRDA:297,20,0,0
BRDA:297,20,1,0
BRDA:299,21,0,0
BRDA:306,22,0,0
BRDA:307,23,0,0
BRDA:307,23,1,0
BRDA:317,24,0,0
BRDA:322,25,0,0
BRDA:329,26,0,0
BRDA:329,26,1,0
BRDA:337,27,0,0
BRDA:337,27,1,0
BRDA:350,28,0,0
BRDA:350,28,1,0
BRDA:352,29,0,0
BRDA:353,30,0,0
BRDA:353,30,1,0
BRDA:357,31,0,0
BRDA:359,32,0,0
BRDA:360,33,0,0
BRDA:360,33,1,0
BRDA:360,33,2,0
BRDA:364,34,0,0
BRDA:364,34,1,0
BRDA:379,35,0,0
BRDA:385,36,0,0
BRDA:387,37,0,0
BRDA:387,37,1,0
BRDA:393,38,0,0
BRDA:397,39,0,0
BRDA:416,40,0,0
BRDA:418,41,0,0
BRDA:427,42,0,0
BRDA:434,43,0,0
BRDA:441,44,0,0
BRDA:446,45,0,0
BRDA:474,46,0,0
BRDA:474,46,1,0
BRDA:513,47,0,0
BRDA:513,48,0,0
BRDA:513,48,1,0
BRDA:517,49,0,0
BRDA:517,49,1,0
BRDA:523,50,0,0
BRDA:523,51,0,0
BRDA:523,51,1,0
BRDA:524,52,0,0
BRDA:524,52,1,0
BRDA:526,53,0,0
BRDA:526,53,1,0
BRDA:526,54,0,0
BRDA:526,54,1,0
BRDA:537,55,0,0
BRDA:551,56,0,0
BRDA:552,57,0,0
BRDA:552,57,1,0
BRDA:556,58,0,0
BRDA:556,58,1,0
BRDA:556,59,0,0
BRDA:556,59,1,0
BRDA:558,60,0,0
BRDA:558,60,1,0
BRDA:564,61,0,0
BRDA:564,61,1,0
BRDA:573,62,0,0
BRDA:578,63,0,0
BRDA:588,64,0,0
BRDA:593,65,0,0
BRDA:600,66,0,0
BRF:99
BRH:0
end_of_record
TN:
SF:..\projects\ngx-sp-infra\src\lib\widgets\combobox-multiple-choice\combobox-multiple-choice.component.ts
FN:16,(anonymous_0)
FN:28,(anonymous_1)
FN:28,(anonymous_2)
FN:29,(anonymous_3)
FN:29,(anonymous_4)
FN:46,(anonymous_5)
FN:47,(anonymous_6)
FNF:7
FNH:0
FNDA:0,(anonymous_0)
FNDA:0,(anonymous_1)
FNDA:0,(anonymous_2)
FNDA:0,(anonymous_3)
FNDA:0,(anonymous_4)
FNDA:0,(anonymous_5)
FNDA:0,(anonymous_6)
DA:16,1
DA:22,0
DA:26,0
DA:28,0
DA:29,0
DA:31,0
DA:36,0
DA:37,0
DA:39,0
DA:47,0
DA:48,0
DA:49,0
LF:12
LH:1
BRF:0
BRH:0
end_of_record
TN:
SF:..\projects\ngx-sp-infra\src\lib\widgets\combobox\pipes\filter-by.pipe.ts
FN:11,(anonymous_0)
FN:16,(anonymous_1)
FN:21,(anonymous_2)
FN:30,(anonymous_3)
FNF:4
FNH:0
FNDA:0,(anonymous_0)
FNDA:0,(anonymous_1)
FNDA:0,(anonymous_2)
FNDA:0,(anonymous_3)
DA:10,1
DA:12,0
DA:13,0
DA:15,0
DA:16,0
DA:20,0
DA:21,0
DA:22,0
DA:23,0
DA:24,0
DA:27,0
DA:30,0
DA:31,0
DA:32,0
DA:34,0
LF:15
LH:1
BRDA:12,0,0,0
BRDA:12,1,0,0
BRDA:12,1,1,0
BRDA:12,1,2,0
BRDA:15,2,0,0
BRDA:20,3,0,0
BRDA:20,3,1,0
BRDA:23,4,0,0
BRDA:23,5,0,0
BRDA:23,5,1,0
BRDA:31,6,0,0
BRDA:31,7,0,0
BRDA:31,7,1,0
BRF:13
BRH:0
end_of_record
TN:
SF:..\projects\ngx-sp-infra\src\lib\widgets\combobox\pipes\limit-to.pipe.ts
FN:8,(anonymous_0)
FNF:1
FNH:0
FNDA:0,(anonymous_0)
DA:7,1
DA:9,0
DA:10,0
DA:12,0
LF:4
LH:1
BRDA:8,0,0,0
BRDA:9,1,0,0
BRDA:9,2,0,0
BRDA:9,2,1,0
BRF:4
BRH:0
end_of_record
TN:
SF:..\projects\ngx-sp-infra\src\lib\widgets\content-container\content-container.component.ts
FN:34,(anonymous_0)
FN:35,(anonymous_1)
FN:51,(anonymous_2)
FN:53,(anonymous_3)
FN:57,(anonymous_4)
FN:73,(anonymous_5)
FN:87,(anonymous_6)
FN:116,(anonymous_7)
FN:139,(anonymous_8)
FNF:9
FNH:4
FNDA:0,(anonymous_0)
FNDA:0,(anonymous_1)
FNDA:1,(anonymous_2)
FNDA:1,(anonymous_3)
FNDA:0,(anonymous_4)
FNDA:1,(anonymous_5)
FNDA:0,(anonymous_6)
FNDA:0,(anonymous_7)
FNDA:1,(anonymous_8)
DA:16,1
DA:26,1
DA:34,0
DA:36,0
DA:37,0
DA:41,1
DA:43,1
DA:44,1
DA:54,1
DA:58,0
DA:59,0
DA:61,0
DA:62,0
DA:65,0
DA:66,0
DA:74,1
DA:77,1
DA:80,0
DA:81,0
DA:82,0
DA:86,0
DA:87,0
DA:90,0
DA:91,0
DA:92,0
DA:93,0
DA:97,0
DA:101,0
DA:102,0
DA:109,1
DA:110,1
DA:111,1
DA:115,0
DA:116,0
DA:119,0
DA:120,0
DA:121,0
DA:122,0
DA:126,0
DA:130,0
DA:131,0
DA:140,1
DA:141,1
LF:43
LH:13
BRDA:58,0,0,0
BRDA:58,1,0,0
BRDA:58,1,1,0
BRDA:61,2,0,0
BRDA:61,3,0,0
BRDA:61,3,1,0
BRDA:65,4,0,0
BRDA:65,5,0,0
BRDA:65,5,1,0
BRDA:77,6,0,0
BRDA:77,6,1,1
BRDA:80,7,0,0
BRDA:80,8,0,0
BRDA:80,8,1,0
BRDA:86,9,0,0
BRDA:86,9,1,0
BRDA:90,10,0,0
BRDA:109,11,0,1
BRDA:109,12,0,1
BRDA:109,12,1,0
BRDA:115,13,0,0
BRDA:115,13,1,0
BRDA:119,14,0,0
BRDA:140,15,0,0
BRDA:140,16,0,1
BRDA:140,16,1,0
BRDA:141,17,0,1
BRDA:141,17,1,0
BRDA:141,17,2,1
BRF:29
BRH:6
end_of_record
TN:
SF:..\projects\ngx-sp-infra\src\lib\widgets\custom-acordion\custom-acordion.component.ts
FN:48,(anonymous_0)
FN:50,(anonymous_1)
FN:60,(anonymous_2)
FN:64,(anonymous_3)
FNF:4
FNH:0
FNDA:0,(anonymous_0)
FNDA:0,(anonymous_1)
FNDA:0,(anonymous_2)
FNDA:0,(anonymous_3)
DA:27,1
DA:32,0
DA:33,0
DA:34,0
DA:41,0
DA:53,0
DA:54,0
DA:61,0
DA:65,0
DA:66,0
LF:10
LH:1
BRDA:53,0,0,0
BRDA:53,0,1,0
BRDA:65,1,0,0
BRDA:65,1,1,0
BRF:4
BRH:0
end_of_record
TN:
SF:..\projects\ngx-sp-infra\src\lib\widgets\dropdown-options\dropdown-options.component.ts
FN:13,(anonymous_0)
FN:24,(anonymous_1)
FN:30,(anonymous_2)
FN:31,(anonymous_3)
FN:37,(anonymous_4)
FNF:5
FNH:0
FNDA:0,(anonymous_0)
FNDA:0,(anonymous_1)
FNDA:0,(anonymous_2)
FNDA:0,(anonymous_3)
FNDA:0,(anonymous_4)
DA:13,1
DA:14,0
DA:15,0
DA:17,0
DA:19,0
DA:20,0
DA:22,0
DA:25,0
DA:26,0
DA:31,0
DA:32,0
DA:38,0
LF:12
LH:1
BRDA:25,0,0,0
BRDA:25,1,0,0
BRDA:25,1,1,0
BRDA:32,2,0,0
BRDA:32,2,1,0
BRDA:32,2,2,0
BRDA:32,2,3,0
BRF:7
BRH:0
end_of_record
TN:
SF:..\projects\ngx-sp-infra\src\lib\widgets\dynamic-input\dynamic-input.component.ts
FN:16,(anonymous_0)
FN:40,(anonymous_1)
FNF:2
FNH:1
FNDA:24,(anonymous_0)
FNDA:0,(anonymous_1)
DA:14,1
DA:23,24
DA:27,24
DA:29,24
DA:31,24
DA:32,24
DA:41,0
LF:7
LH:6
BRF:0
BRH:0
end_of_record
TN:
SF:..\projects\ngx-sp-infra\src\lib\widgets\field-contador-message\field-contador-message.component.ts
FN:10,(anonymous_0)
FN:19,(anonymous_1)
FN:25,(anonymous_2)
FN:32,(anonymous_3)
FNF:4
FNH:0
FNDA:0,(anonymous_0)
FNDA:0,(anonymous_1)
FNDA:0,(anonymous_2)
FNDA:0,(anonymous_3)
DA:10,1
DA:12,0
DA:14,0
DA:15,0
DA:16,0
DA:21,0
DA:22,0
DA:23,0
DA:25,0
DA:26,0
DA:27,0
DA:33,0
DA:34,0
DA:35,0
DA:37,0
DA:39,0
DA:40,0
DA:42,0
LF:18
LH:1
BRDA:21,0,0,0
BRDA:22,1,0,0
BRDA:22,1,1,0
BRDA:26,2,0,0
BRDA:26,2,1,0
BRDA:33,3,0,0
BRDA:33,3,1,0
BRDA:37,4,0,0
BRDA:42,5,0,0
BRF:9
BRH:0
end_of_record
TN:
SF:..\projects\ngx-sp-infra\src\lib\widgets\field-control-error\field-control-error.component.ts
FN:15,(anonymous_0)
FN:17,(anonymous_1)
FNF:2
FNH:0
FNDA:0,(anonymous_0)
FNDA:0,(anonymous_1)
DA:11,1
DA:15,0
DA:18,0
LF:3
LH:1
BRF:0
BRH:0
end_of_record
TN:
SF:..\projects\ngx-sp-infra\src\lib\widgets\field-error-message\field-error-message.component.ts
FN:18,(anonymous_0)
FN:24,(anonymous_1)
FN:37,(anonymous_2)
FNF:3
FNH:0
FNDA:0,(anonymous_0)
FNDA:0,(anonymous_1)
FNDA:0,(anonymous_2)
DA:12,1
DA:19,0
DA:20,0
DA:25,0
DA:27,0
DA:29,0
DA:33,0
DA:38,0
LF:8
LH:1
BRDA:27,0,0,0
BRDA:27,1,0,0
BRDA:27,1,1,0
BRDA:27,1,2,0
BRF:4
BRH:0
end_of_record
TN:
SF:..\projects\ngx-sp-infra\src\lib\widgets\generic-modal\generic-modal.component.ts
FN:10,(anonymous_0)
FNF:1
FNH:0
FNDA:0,(anonymous_0)
DA:10,1
DA:16,0
LF:2
LH:1
BRF:0
BRH:0
end_of_record
TN:
SF:..\projects\ngx-sp-infra\src\lib\widgets\input-trim\input-trim.component.ts
FN:13,(anonymous_0)
FN:19,(anonymous_1)
FN:24,(anonymous_2)
FNF:3
FNH:0
FNDA:0,(anonymous_0)
FNDA:0,(anonymous_1)
FNDA:0,(anonymous_2)
DA:13,1
DA:15,0
DA:16,0
DA:17,0
DA:20,0
DA:21,0
DA:25,0
LF:7
LH:1
BRDA:20,0,0,0
BRF:1
BRH:0
end_of_record
TN:
SF:..\projects\ngx-sp-infra\src\lib\widgets\lib-combobox\lib-combobox.component.ts
FN:69,(anonymous_0)
FN:70,(anonymous_1)
FN:107,(anonymous_2)
FN:108,(anonymous_3)
FN:115,(anonymous_4)
FN:116,(anonymous_5)
FN:127,(anonymous_6)
FN:128,(anonymous_7)
FN:147,(anonymous_8)
FN:148,(anonymous_9)
FN:216,(anonymous_10)
FN:218,(anonymous_11)
FN:228,(anonymous_12)
FN:232,(anonymous_13)
FN:242,(anonymous_14)
FN:248,(anonymous_15)
FN:253,(anonymous_16)
FN:269,(anonymous_17)
FN:283,(anonymous_18)
FN:289,(anonymous_19)
FN:296,(anonymous_20)
FN:297,(anonymous_21)
FN:307,(anonymous_22)
FN:316,(anonymous_23)
FN:339,(anonymous_24)
FN:363,(anonymous_25)
FNF:26
FNH:9
FNDA:8,(anonymous_0)
FNDA:0,(anonymous_1)
FNDA:0,(anonymous_2)
FNDA:0,(anonymous_3)
FNDA:0,(anonymous_4)
FNDA:0,(anonymous_5)
FNDA:8,(anonymous_6)
FNDA:0,(anonymous_7)
FNDA:0,(anonymous_8)
FNDA:0,(anonymous_9)
FNDA:3,(anonymous_10)
FNDA:3,(anonymous_11)
FNDA:3,(anonymous_12)
FNDA:0,(anonymous_13)
FNDA:3,(anonymous_14)
FNDA:0,(anonymous_15)
FNDA:0,(anonymous_16)
FNDA:0,(anonymous_17)
FNDA:3,(anonymous_18)
FNDA:0,(anonymous_19)
FNDA:0,(anonymous_20)
FNDA:0,(anonymous_21)
FNDA:6,(anonymous_22)
FNDA:3,(anonymous_23)
FNDA:0,(anonymous_24)
FNDA:0,(anonymous_25)
DA:62,1
DA:67,3
DA:69,8
DA:71,0
DA:72,0
DA:74,0
DA:75,0
DA:76,0
DA:80,3
DA:81,3
DA:82,3
DA:84,3
DA:85,3
DA:86,3
DA:94,3
DA:95,3
DA:96,3
DA:98,3
DA:107,0
DA:109,0
DA:112,0
DA:115,0
DA:116,0
DA:127,8
DA:129,0
DA:130,0
DA:136,3
DA:147,0
DA:149,0
DA:150,0
DA:159,3
DA:165,3
DA:172,3
DA:178,3
DA:184,3
DA:190,3
DA:197,3
DA:204,3
DA:219,3
DA:220,3
DA:222,3
DA:224,3
DA:225,3
DA:229,3
DA:233,0
DA:234,0
DA:236,0
DA:237,0
DA:238,0
DA:243,3
DA:248,0
DA:254,0
DA:255,0
DA:256,0
DA:258,0
DA:259,0
DA:263,0
DA:264,0
DA:266,0
DA:270,0
DA:271,0
DA:272,0
DA:274,0
DA:275,0
DA:277,0
DA:278,0
DA:280,0
DA:284,3
DA:286,3
DA:287,3
DA:289,0
DA:290,0
DA:297,0
DA:298,0
DA:300,0
DA:301,0
DA:304,0
DA:308,6
DA:309,3
DA:310,3
DA:317,3
DA:318,0
DA:319,0
DA:320,0
DA:323,0
DA:324,0
DA:328,3
DA:329,0
DA:330,0
DA:333,3
DA:334,3
DA:340,0
DA:342,0
DA:343,0
DA:344,0
DA:347,0
DA:348,0
DA:349,0
DA:352,0
DA:353,0
DA:354,0
DA:357,0
DA:358,0
DA:359,0
DA:363,0
LF:105
LH:40
BRDA:74,0,0,0
BRDA:112,1,0,0
BRDA:147,2,0,0
BRDA:147,2,1,0
BRDA:149,3,0,0
BRDA:149,3,1,0
BRDA:149,4,0,0
BRDA:149,4,1,0
BRDA:233,5,0,0
BRDA:234,6,0,0
BRDA:236,7,0,0
BRDA:260,8,0,0
BRDA:260,8,1,0
BRDA:260,9,0,0
BRDA:260,9,1,0
BRDA:260,10,0,0
BRDA:260,10,1,0
BRDA:266,11,0,0
BRDA:266,11,1,0
BRDA:283,12,0,3
BRDA:286,13,0,3
BRDA:286,13,1,3
BRDA:287,14,0,3
BRDA:287,15,0,3
BRDA:287,15,1,0
BRDA:287,15,2,0
BRDA:290,16,0,0
BRDA:291,17,0,0
BRDA:291,17,1,0
BRDA:291,18,0,0
BRDA:291,18,1,0
BRDA:291,19,0,0
BRDA:291,19,1,0
BRDA:297,20,0,0
BRDA:297,20,1,0
BRDA:300,21,0,0
BRDA:301,22,0,0
BRDA:301,22,1,0
BRDA:301,23,0,0
BRDA:301,23,1,0
BRDA:301,24,0,0
BRDA:301,24,1,0
BRDA:301,25,0,0
BRDA:301,25,1,0
BRDA:304,26,0,0
BRDA:308,27,0,3
BRDA:308,28,0,6
BRDA:308,28,1,3
BRDA:317,29,0,0
BRDA:317,29,1,3
BRDA:318,30,0,0
BRDA:318,30,1,0
BRDA:328,31,0,0
BRDA:328,31,1,3
BRDA:340,32,0,0
BRDA:340,32,1,0
BRDA:340,32,2,0
BRDA:340,32,3,0
BRF:58
BRH:10
end_of_record
TN:
SF:..\projects\ngx-sp-infra\src\lib\widgets\lib-date-range-picker\lib-date-range-picker.component.ts
FN:50,(anonymous_0)
FN:53,(anonymous_1)
FN:56,(anonymous_2)
FN:67,(anonymous_3)
FN:77,(anonymous_4)
FN:86,(anonymous_5)
FN:108,(anonymous_6)
FN:148,(anonymous_7)
FN:185,(anonymous_8)
FN:198,(anonymous_9)
FN:219,(anonymous_10)
FN:240,(anonymous_11)
FN:253,(anonymous_12)
FN:311,(anonymous_13)
FN:322,(anonymous_14)
FN:334,(anonymous_15)
FN:343,(anonymous_16)
FN:351,(anonymous_17)
FN:356,(anonymous_18)
FN:361,(anonymous_19)
FN:367,(anonymous_20)
FN:377,(anonymous_21)
FN:404,(anonymous_22)
FN:408,(anonymous_23)
FN:412,(anonymous_24)
FN:416,(anonymous_25)
FN:421,(anonymous_26)
FN:432,(anonymous_27)
FN:440,(anonymous_28)
FN:447,(anonymous_29)
FN:453,(anonymous_30)
FNF:31
FNH:4
FNDA:0,(anonymous_0)
FNDA:0,(anonymous_1)
FNDA:0,(anonymous_2)
FNDA:1,(anonymous_3)
FNDA:0,(anonymous_4)
FNDA:0,(anonymous_5)
FNDA:0,(anonymous_6)
FNDA:1,(anonymous_7)
FNDA:1,(anonymous_8)
FNDA:0,(anonymous_9)
FNDA:0,(anonymous_10)
FNDA:0,(anonymous_11)
FNDA:0,(anonymous_12)
FNDA:0,(anonymous_13)
FNDA:0,(anonymous_14)
FNDA:0,(anonymous_15)
FNDA:1,(anonymous_16)
FNDA:0,(anonymous_17)
FNDA:0,(anonymous_18)
FNDA:0,(anonymous_19)
FNDA:0,(anonymous_20)
FNDA:0,(anonymous_21)
FNDA:0,(anonymous_22)
FNDA:0,(anonymous_23)
FNDA:0,(anonymous_24)
FNDA:0,(anonymous_25)
FNDA:0,(anonymous_26)
FNDA:0,(anonymous_27)
FNDA:0,(anonymous_28)
FNDA:0,(anonymous_29)
FNDA:0,(anonymous_30)
DA:22,1
DA:27,1
DA:28,1
DA:29,1
DA:30,1
DA:31,1
DA:35,1
DA:36,1
DA:38,1
DA:39,1
DA:40,1
DA:41,1
DA:43,1
DA:44,1
DA:46,1
DA:47,1
DA:48,1
DA:51,0
DA:54,0
DA:56,0
DA:58,0
DA:60,0
DA:67,1
DA:68,1
DA:69,1
DA:70,1
DA:78,0
DA:79,0
DA:81,0
DA:82,0
DA:83,0
DA:86,0
DA:87,0
DA:88,0
DA:90,0
DA:93,0
DA:94,0
DA:95,0
DA:96,0
DA:99,0
DA:102,0
DA:103,0
DA:104,0
DA:109,0
DA:111,0
DA:112,0
DA:115,0
DA:116,0
DA:119,0
DA:120,0
DA:123,0
DA:124,0
DA:125,0
DA:127,0
DA:129,0
DA:130,0
DA:132,0
DA:133,0
DA:139,0
DA:140,0
DA:141,0
DA:142,0
DA:143,0
DA:149,1
DA:151,1
DA:152,1
DA:155,1
DA:156,1
DA:157,2
DA:158,2
DA:166,1
DA:167,31
DA:175,1
DA:176,1
DA:177,2
DA:186,1
DA:187,0
DA:188,0
DA:189,0
DA:192,1
DA:193,0
DA:200,0
DA:201,0
DA:203,0
DA:204,0
DA:205,0
DA:208,0
DA:209,0
DA:210,0
DA:212,0
DA:213,0
DA:216,0
DA:220,0
DA:221,0
DA:222,0
DA:225,0
DA:226,0
DA:227,0
DA:230,0
DA:231,0
DA:232,0
DA:235,0
DA:241,0
DA:242,0
DA:243,0
DA:244,0
DA:246,0
DA:248,0
DA:254,0
DA:257,0
DA:259,0
DA:260,0
DA:263,0
DA:264,0
DA:269,0
DA:270,0
DA:273,0
DA:274,0
DA:277,0
DA:282,0
DA:283,0
DA:284,0
DA:288,0
DA:289,0
DA:296,0
DA:297,0
DA:298,0
DA:301,0
DA:304,0
DA:308,0
DA:312,0
DA:314,0
DA:315,0
DA:316,0
DA:319,0
DA:323,0
DA:325,0
DA:326,0
DA:327,0
DA:330,0
DA:335,0
DA:337,0
DA:338,0
DA:339,0
DA:344,1
DA:346,1
DA:347,12
DA:352,0
DA:353,0
DA:357,0
DA:358,0
DA:362,0
DA:363,0
DA:364,0
DA:368,0
DA:369,0
DA:370,0
DA:371,0
DA:372,0
DA:373,0
DA:378,0
DA:379,0
DA:384,0
DA:386,0
DA:387,0
DA:392,0
DA:393,0
DA:394,0
DA:397,0
DA:405,0
DA:409,0
DA:413,0
DA:417,0
DA:418,0
DA:422,0
DA:433,0
DA:434,0
DA:435,0
DA:441,0
DA:443,0
DA:448,0
DA:449,0
DA:450,0
DA:453,0
DA:455,0
DA:456,0
LF:186
LH:38
BRDA:54,0,0,0
BRDA:58,1,0,0
BRDA:81,2,0,0
BRDA:87,3,0,0
BRDA:87,3,1,0
BRDA:88,4,0,0
BRDA:93,5,0,0
BRDA:93,5,1,0
BRDA:96,6,0,0
BRDA:96,6,1,0
BRDA:111,7,0,0
BRDA:111,7,1,0
BRDA:123,8,0,0
BRDA:123,8,1,0
BRDA:123,9,0,0
BRDA:123,9,1,0
BRDA:127,10,0,0
BRDA:129,11,0,0
BRDA:129,11,1,0
BRDA:132,12,0,0
BRDA:140,13,0,0
BRDA:186,14,0,0
BRDA:192,15,0,0
BRDA:203,16,0,0
BRDA:204,17,0,0
BRDA:212,18,0,0
BRDA:220,19,0,0
BRDA:220,20,0,0
BRDA:220,20,1,0
BRDA:225,21,0,0
BRDA:225,22,0,0
BRDA:225,22,1,0
BRDA:230,23,0,0
BRDA:230,24,0,0
BRDA:230,24,1,0
BRDA:242,25,0,0
BRDA:246,26,0,0
BRDA:246,27,0,0
BRDA:246,27,1,0
BRDA:257,28,0,0
BRDA:257,28,1,0
BRDA:257,29,0,0
BRDA:257,29,1,0
BRDA:259,30,0,0
BRDA:259,30,1,0
BRDA:263,31,0,0
BRDA:263,31,1,0
BRDA:273,32,0,0
BRDA:273,32,1,0
BRDA:282,33,0,0
BRDA:282,33,1,0
BRDA:288,34,0,0
BRDA:288,35,0,0
BRDA:288,35,1,0
BRDA:296,36,0,0
BRDA:296,36,1,0
BRDA:314,37,0,0
BRDA:325,38,0,0
BRDA:337,39,0,0
BRDA:378,40,0,0
BRDA:378,40,1,0
BRDA:378,41,0,0
BRDA:378,41,1,0
BRDA:386,42,0,0
BRDA:386,42,1,0
BRDA:405,43,0,0
BRDA:405,43,1,0
BRDA:409,44,0,0
BRDA:409,44,1,0
BRDA:413,45,0,0
BRDA:413,45,1,0
BRDA:417,46,0,0
BRDA:417,47,0,0
BRDA:417,47,1,0
BRDA:418,48,0,0
BRDA:418,48,1,0
BRDA:422,49,0,0
BRDA:422,49,1,0
BRDA:422,49,2,0
BRDA:433,50,0,0
BRDA:443,51,0,0
BRDA:448,52,0,0
BRDA:455,53,0,0
BRDA:455,53,1,0
BRF:84
BRH:0
end_of_record
TN:
SF:..\projects\ngx-sp-infra\src\lib\widgets\lib-header\lib-header.component.ts
FN:115,(anonymous_0)
FN:117,(anonymous_1)
FN:125,(anonymous_2)
FN:131,(anonymous_3)
FN:137,(anonymous_4)
FN:142,(anonymous_5)
FN:148,(anonymous_6)
FNF:7
FNH:3
FNDA:9,(anonymous_0)
FNDA:9,(anonymous_1)
FNDA:0,(anonymous_2)
FNDA:0,(anonymous_3)
FNDA:0,(anonymous_4)
FNDA:0,(anonymous_5)
FNDA:9,(anonymous_6)
DA:59,1
DA:74,9
DA:78,9
DA:83,9
DA:92,9
DA:96,9
DA:100,9
DA:101,9
DA:104,9
DA:105,9
DA:108,9
DA:109,9
DA:118,9
DA:126,0
DA:127,0
DA:132,0
DA:133,0
DA:138,0
DA:139,0
DA:143,0
DA:144,0
DA:151,9
DA:153,9
DA:158,9
DA:159,9
DA:161,9
DA:162,0
DA:166,0
DA:168,0
DA:169,0
LF:30
LH:18
BRDA:143,0,0,0
BRDA:143,0,1,0
BRDA:158,1,0,9
BRDA:158,1,1,0
BRDA:161,2,0,0
BRDA:162,3,0,0
BRDA:162,3,1,0
BRDA:162,4,0,0
BRDA:162,4,1,0
BRDA:168,5,0,0
BRDA:169,6,0,0
BRDA:169,6,1,0
BRDA:169,7,0,0
BRDA:169,7,1,0
BRF:14
BRH:1
end_of_record
TN:
SF:..\projects\ngx-sp-infra\src\lib\widgets\lib-icons\lib-icons.component.ts
FN:41,(anonymous_0)
FN:42,(anonymous_1)
FN:66,(anonymous_2)
FN:67,(anonymous_3)
FN:77,(anonymous_4)
FN:78,(anonymous_5)
FN:91,(anonymous_6)
FN:95,(anonymous_7)
FN:100,(anonymous_8)
FN:127,(anonymous_9)
FN:135,(anonymous_10)
FNF:11
FNH:6
FNDA:0,(anonymous_0)
FNDA:0,(anonymous_1)
FNDA:0,(anonymous_2)
FNDA:3,(anonymous_3)
FNDA:0,(anonymous_4)
FNDA:0,(anonymous_5)
FNDA:5,(anonymous_6)
FNDA:5,(anonymous_7)
FNDA:5,(anonymous_8)
FNDA:10,(anonymous_9)
FNDA:10,(anonymous_10)
DA:14,1
DA:41,0
DA:43,0
DA:44,0
DA:45,0
DA:46,0
DA:47,0
DA:48,0
DA:49,0
DA:50,0
DA:51,0
DA:52,0
DA:53,0
DA:54,0
DA:66,0
DA:68,3
DA:69,0
DA:70,3
DA:71,0
DA:72,0
DA:77,0
DA:78,0
DA:82,5
DA:83,5
DA:84,5
DA:91,5
DA:92,5
DA:96,5
DA:97,5
DA:101,5
DA:103,0
DA:104,0
DA:105,0
DA:106,0
DA:107,0
DA:108,0
DA:109,0
DA:110,0
DA:111,0
DA:112,0
DA:113,0
DA:114,0
DA:117,0
DA:118,0
DA:128,10
DA:129,10
DA:131,10
DA:136,10
DA:137,10
LF:49
LH:16
BRDA:43,0,0,0
BRDA:43,0,1,0
BRDA:43,0,2,0
BRDA:43,0,3,0
BRDA:43,0,4,0
BRDA:43,0,5,0
BRDA:43,0,6,0
BRDA:43,0,7,0
BRDA:43,0,8,0
BRDA:43,0,9,0
BRDA:43,0,10,0
BRDA:68,1,0,0
BRDA:68,1,1,3
BRDA:68,1,2,0
BRDA:68,1,3,0
BRDA:101,2,0,5
BRDA:101,2,1,0
BRDA:103,3,0,0
BRDA:103,3,1,0
BRDA:103,3,2,0
BRDA:103,3,3,0
BRDA:103,3,4,0
BRDA:103,3,5,0
BRDA:103,3,6,0
BRDA:103,3,7,0
BRDA:103,3,8,0
BRDA:103,3,9,0
BRDA:103,3,10,0
BRDA:128,4,0,10
BRDA:128,4,1,0
BRDA:129,5,0,0
BRDA:129,6,0,10
BRDA:129,6,1,10
BRDA:136,7,0,10
BRDA:136,7,1,0
BRDA:136,8,0,10
BRDA:136,8,1,0
BRF:37
BRH:7
end_of_record
TN:
SF:..\projects\ngx-sp-infra\src\lib\widgets\lib-nav-produtos\lib-nav-produtos.component.ts
FN:5,(anonymous_0)
FN:10,(anonymous_1)
FN:87,(anonymous_2)
FN:89,(anonymous_3)
FN:95,(anonymous_4)
FN:116,(anonymous_5)
FNF:6
FNH:4
FNDA:0,(anonymous_0)
FNDA:0,(anonymous_1)
FNDA:5,(anonymous_2)
FNDA:5,(anonymous_3)
FNDA:1,(anonymous_4)
FNDA:2,(anonymous_5)
DA:6,0
DA:7,0
DA:11,0
DA:12,0
DA:13,0
DA:14,0
DA:67,1
DA:73,5
DA:76,5
DA:79,5
DA:81,5
DA:87,5
DA:90,5
DA:97,1
DA:101,1
DA:103,1
DA:104,0
DA:106,0
DA:107,0
DA:110,1
DA:113,1
DA:117,2
DA:118,2
DA:120,2
DA:121,3
DA:123,3
DA:126,2
DA:128,0
LF:28
LH:18
BRDA:97,0,0,1
BRDA:97,0,1,0
BRDA:97,1,0,1
BRDA:97,1,1,1
BRDA:103,2,0,0
BRDA:103,2,1,1
BRDA:113,3,0,0
BRDA:113,3,1,1
BRDA:117,4,0,2
BRDA:117,4,1,0
BRDA:123,5,0,1
BRF:11
BRH:7
end_of_record
TN:
SF:..\projects\ngx-sp-infra\src\lib\widgets\lib-transfer-list\lib-transfer-list.component.ts
FN:52,(anonymous_0)
FN:53,(anonymous_1)
FN:55,(anonymous_2)
FN:56,(anonymous_3)
FN:63,(anonymous_4)
FN:65,(anonymous_5)
FN:69,(anonymous_6)
FN:78,(anonymous_7)
FN:87,(anonymous_8)
FN:90,(anonymous_9)
FN:92,(anonymous_10)
FN:93,(anonymous_11)
FN:122,(anonymous_12)
FN:131,(anonymous_13)
FN:141,(anonymous_14)
FN:143,(anonymous_15)
FN:143,(anonymous_16)
FN:152,(anonymous_17)
FNF:18
FNH:0
FNDA:0,(anonymous_0)
FNDA:0,(anonymous_1)
FNDA:0,(anonymous_2)
FNDA:0,(anonymous_3)
FNDA:0,(anonymous_4)
FNDA:0,(anonymous_5)
FNDA:0,(anonymous_6)
FNDA:0,(anonymous_7)
FNDA:0,(anonymous_8)
FNDA:0,(anonymous_9)
FNDA:0,(anonymous_10)
FNDA:0,(anonymous_11)
FNDA:0,(anonymous_12)
FNDA:0,(anonymous_13)
FNDA:0,(anonymous_14)
FNDA:0,(anonymous_15)
FNDA:0,(anonymous_16)
FNDA:0,(anonymous_17)
DA:20,1
DA:25,0
DA:26,0
DA:35,0
DA:37,0
DA:39,0
DA:40,0
DA:42,0
DA:48,0
DA:49,0
DA:52,0
DA:53,0
DA:55,0
DA:56,0
DA:66,0
DA:70,0
DA:71,0
DA:87,0
DA:90,0
DA:92,0
DA:93,0
DA:94,0
DA:98,0
DA:99,0
DA:100,0
DA:101,0
DA:102,0
DA:105,0
DA:106,0
DA:108,0
DA:109,0
DA:110,0
DA:111,0
DA:114,0
DA:115,0
DA:118,0
DA:119,0
DA:123,0
DA:132,0
DA:142,0
DA:143,0
DA:146,0
DA:147,0
DA:148,0
DA:153,0
DA:154,0
LF:46
LH:1
BRDA:55,0,0,0
BRDA:55,0,1,0
BRDA:56,1,0,0
BRDA:56,1,1,0
BRDA:70,2,0,0
BRDA:70,3,0,0
BRDA:70,3,1,0
BRDA:94,4,0,0
BRDA:99,5,0,0
BRDA:108,6,0,0
BRDA:142,7,0,0
BRDA:142,8,0,0
BRDA:142,8,1,0
BRDA:142,8,2,0
BRDA:146,9,0,0
BRDA:146,10,0,0
BRDA:146,10,1,0
BRDA:147,11,0,0
BRDA:147,11,1,0
BRDA:148,12,0,0
BRDA:148,12,1,0
BRF:21
BRH:0
end_of_record
TN:
SF:..\projects\ngx-sp-infra\src\lib\widgets\lib-transfer-list\inner-list\inner-list.component.ts
FN:54,(anonymous_0)
FN:55,(anonymous_1)
FN:83,(anonymous_2)
FN:84,(anonymous_3)
FN:86,(anonymous_4)
FN:87,(anonymous_5)
FN:93,(anonymous_6)
FN:95,(anonymous_7)
FN:105,(anonymous_8)
FN:110,(anonymous_9)
FN:119,(anonymous_10)
FN:121,(anonymous_11)
FN:123,(anonymous_12)
FN:134,(anonymous_13)
FN:135,(anonymous_14)
FN:140,(anonymous_15)
FN:143,(anonymous_16)
FN:151,(anonymous_17)
FN:159,(anonymous_18)
FN:163,(anonymous_19)
FN:169,(anonymous_20)
FN:175,(anonymous_21)
FNF:22
FNH:0
FNDA:0,(anonymous_0)
FNDA:0,(anonymous_1)
FNDA:0,(anonymous_2)
FNDA:0,(anonymous_3)
FNDA:0,(anonymous_4)
FNDA:0,(anonymous_5)
FNDA:0,(anonymous_6)
FNDA:0,(anonymous_7)
FNDA:0,(anonymous_8)
FNDA:0,(anonymous_9)
FNDA:0,(anonymous_10)
FNDA:0,(anonymous_11)
FNDA:0,(anonymous_12)
FNDA:0,(anonymous_13)
FNDA:0,(anonymous_14)
FNDA:0,(anonymous_15)
FNDA:0,(anonymous_16)
FNDA:0,(anonymous_17)
FNDA:0,(anonymous_18)
FNDA:0,(anonymous_19)
FNDA:0,(anonymous_20)
FNDA:0,(anonymous_21)
DA:20,1
DA:25,0
DA:27,0
DA:28,0
DA:32,0
DA:33,0
DA:41,0
DA:42,0
DA:46,0
DA:48,0
DA:49,0
DA:51,0
DA:54,0
DA:56,0
DA:57,0
DA:59,0
DA:60,0
DA:62,0
DA:63,0
DA:66,0
DA:67,0
DA:77,0
DA:78,0
DA:81,0
DA:83,0
DA:84,0
DA:86,0
DA:87,0
DA:93,0
DA:96,0
DA:97,0
DA:100,0
DA:106,0
DA:107,0
DA:110,0
DA:120,0
DA:121,0
DA:122,0
DA:123,0
DA:124,0
DA:128,0
DA:132,0
DA:134,0
DA:135,0
DA:137,0
DA:141,0
DA:142,0
DA:143,0
DA:145,0
DA:147,0
DA:152,0
DA:153,0
DA:156,0
DA:160,0
DA:162,0
DA:163,0
DA:170,0
DA:171,0
DA:176,0
DA:178,0
DA:179,0
DA:180,0
DA:183,0
DA:185,0
DA:186,0
DA:187,0
DA:190,0
LF:67
LH:1
BRDA:96,0,0,0
BRDA:106,1,0,0
BRDA:106,1,1,0
BRDA:110,2,0,0
BRDA:110,2,1,0
BRDA:110,2,2,0
BRDA:110,2,3,0
BRDA:110,2,4,0
BRDA:110,2,5,0
BRDA:122,3,0,0
BRDA:124,4,0,0
BRDA:142,5,0,0
BRDA:142,6,0,0
BRDA:142,6,1,0
BRDA:152,7,0,0
BRDA:152,7,1,0
BRDA:160,8,0,0
BRDA:160,8,1,0
BRDA:162,9,0,0
BRDA:163,10,0,0
BRDA:163,10,1,0
BRDA:170,11,0,0
BRDA:170,11,1,0
BRDA:178,12,0,0
BRDA:179,13,0,0
BRDA:179,13,1,0
BRDA:185,14,0,0
BRDA:186,15,0,0
BRDA:186,15,1,0
BRF:29
BRH:0
end_of_record
TN:
SF:..\projects\ngx-sp-infra\src\lib\widgets\loading\loading.component.ts
FN:11,(anonymous_0)
FNF:1
FNH:0
FNDA:0,(anonymous_0)
DA:9,1
LF:1
LH:1
BRF:0
BRH:0
end_of_record
TN:
SF:..\projects\ngx-sp-infra\src\lib\widgets\loading-button\loading-button.component.ts
FN:18,(anonymous_0)
FNF:1
FNH:0
FNDA:0,(anonymous_0)
DA:15,1
LF:1
LH:1
BRF:0
BRH:0
end_of_record
TN:
SF:..\projects\ngx-sp-infra\src\lib\widgets\loading-screen\loading-screen.component.ts
FN:41,(anonymous_0)
FN:56,(anonymous_1)
FNF:2
FNH:1
FNDA:0,(anonymous_0)
FNDA:2,(anonymous_1)
DA:23,1
DA:30,2
DA:42,0
DA:44,0
DA:47,0
LF:5
LH:2
BRDA:42,0,0,0
BRF:1
BRH:0
end_of_record
TN:
SF:..\projects\ngx-sp-infra\src\lib\widgets\nav-produtos\nav-produtos.component.ts
FN:31,(anonymous_0)
FN:33,(anonymous_1)
FNF:2
FNH:0
FNDA:0,(anonymous_0)
FNDA:0,(anonymous_1)
DA:25,1
DA:27,0
DA:29,0
DA:31,0
DA:34,0
LF:5
LH:1
BRF:0
BRH:0
end_of_record
TN:
SF:..\projects\ngx-sp-infra\src\lib\widgets\ordering\ordering.component.ts
FN:57,(anonymous_0)
FN:59,(anonymous_1)
FN:67,(anonymous_2)
FNF:3
FNH:0
FNDA:0,(anonymous_0)
FNDA:0,(anonymous_1)
FNDA:0,(anonymous_2)
DA:29,1
DA:40,0
DA:43,0
DA:47,0
DA:50,0
DA:60,0
DA:69,0
DA:72,0
DA:75,0
LF:9
LH:1
BRDA:69,0,0,0
BRDA:69,0,1,0
BRF:2
BRH:0
end_of_record
TN:
SF:..\projects\ngx-sp-infra\src\lib\widgets\pagination\pagination.component.ts
FN:13,(anonymous_0)
FN:36,(anonymous_1)
FN:48,(anonymous_2)
FN:58,(anonymous_3)
FN:65,(anonymous_4)
FNF:5
FNH:0
FNDA:0,(anonymous_0)
FNDA:0,(anonymous_1)
FNDA:0,(anonymous_2)
FNDA:0,(anonymous_3)
FNDA:0,(anonymous_4)
DA:13,1
DA:19,0
DA:20,0
DA:24,0
DA:37,0
DA:38,0
DA:39,0
DA:41,0
DA:49,0
DA:50,0
DA:52,0
DA:54,0
DA:59,0
DA:60,0
DA:61,0
DA:66,0
DA:67,0
DA:68,0
LF:18
LH:1
BRDA:37,0,0,0
BRDA:49,1,0,0
BRDA:52,2,0,0
BRDA:59,3,0,0
BRDA:66,4,0,0
BRF:5
BRH:0
end_of_record
TN:
SF:..\projects\ngx-sp-infra\src\lib\widgets\password-policy\password-policy.component.ts
FN:29,(anonymous_0)
FN:42,(anonymous_1)
FNF:2
FNH:0
FNDA:0,(anonymous_0)
FNDA:0,(anonymous_1)
DA:29,1
DA:31,0
DA:35,0
DA:37,0
DA:38,0
DA:39,0
DA:40,0
DA:43,0
DA:44,0
DA:45,0
DA:46,0
DA:48,0
DA:49,0
LF:13
LH:1
BRDA:48,0,0,0
BRDA:48,0,1,0
BRDA:48,0,2,0
BRDA:48,0,3,0
BRF:4
BRH:0
end_of_record
TN:
SF:..\projects\ngx-sp-infra\src\lib\widgets\search-combobox\search-combobox.component.ts
FN:74,(anonymous_0)
FN:76,(anonymous_1)
FN:79,(anonymous_2)
FN:84,(anonymous_3)
FN:88,(anonymous_4)
FN:98,(anonymous_5)
FN:137,(anonymous_6)
FN:138,(anonymous_7)
FN:140,(anonymous_8)
FN:141,(anonymous_9)
FN:149,(anonymous_10)
FN:164,(anonymous_11)
FN:190,(anonymous_12)
FN:194,(anonymous_13)
FN:195,(anonymous_14)
FN:206,(anonymous_15)
FN:213,(anonymous_16)
FNF:17
FNH:0
FNDA:0,(anonymous_0)
FNDA:0,(anonymous_1)
FNDA:0,(anonymous_2)
FNDA:0,(anonymous_3)
FNDA:0,(anonymous_4)
FNDA:0,(anonymous_5)
FNDA:0,(anonymous_6)
FNDA:0,(anonymous_7)
FNDA:0,(anonymous_8)
FNDA:0,(anonymous_9)
FNDA:0,(anonymous_10)
FNDA:0,(anonymous_11)
FNDA:0,(anonymous_12)
FNDA:0,(anonymous_13)
FNDA:0,(anonymous_14)
FNDA:0,(anonymous_15)
FNDA:0,(anonymous_16)
DA:73,1
DA:74,0
DA:77,0
DA:79,0
DA:80,0
DA:85,0
DA:89,0
DA:91,0
DA:92,0
DA:93,0
DA:99,0
DA:100,0
DA:109,0
DA:114,0
DA:115,0
DA:120,0
DA:121,0
DA:123,0
DA:124,0
DA:125,0
DA:127,0
DA:128,0
DA:129,0
DA:135,0
DA:137,0
DA:138,0
DA:140,0
DA:142,0
DA:143,0
DA:149,0
DA:156,0
DA:157,0
DA:165,0
DA:166,0
DA:168,0
DA:169,0
DA:171,0
DA:172,0
DA:173,0
DA:174,0
DA:175,0
DA:176,0
DA:179,0
DA:180,0
DA:181,0
DA:182,0
DA:183,0
DA:187,0
DA:191,0
DA:193,0
DA:194,0
DA:195,0
DA:197,0
DA:198,0
DA:199,0
DA:201,0
DA:202,0
DA:207,0
DA:208,0
DA:209,0
DA:213,0
LF:61
LH:1
BRDA:89,0,0,0
BRDA:89,1,0,0
BRDA:89,1,1,0
BRDA:91,2,0,0
BRDA:91,3,0,0
BRDA:91,3,1,0
BRDA:92,4,0,0
BRDA:92,5,0,0
BRDA:92,5,1,0
BRDA:99,6,0,0
BRDA:165,7,0,0
BRDA:165,7,1,0
BRDA:171,8,0,0
BRDA:171,8,1,0
BRDA:174,9,0,0
BRDA:181,10,0,0
BRDA:191,11,0,0
BRDA:191,12,0,0
BRDA:191,12,1,0
BRDA:193,13,0,0
BRDA:193,13,1,0
BRDA:197,14,0,0
BRDA:198,15,0,0
BRDA:198,15,1,0
BRDA:199,16,0,0
BRDA:199,16,1,0
BRDA:207,17,0,0
BRDA:207,18,0,0
BRDA:207,18,1,0
BRF:29
BRH:0
end_of_record
TN:
SF:..\projects\ngx-sp-infra\src\lib\widgets\search-filters\search-filters.component.ts
FN:16,(anonymous_0)
FN:52,(anonymous_1)
FN:66,(anonymous_2)
FN:75,(anonymous_3)
FNF:4
FNH:0
FNDA:0,(anonymous_0)
FNDA:0,(anonymous_1)
FNDA:0,(anonymous_2)
FNDA:0,(anonymous_3)
DA:14,1
DA:25,0
DA:28,0
DA:35,0
DA:38,0
DA:41,0
DA:43,0
DA:45,0
DA:53,0
DA:54,0
DA:59,0
DA:62,0
DA:67,0
DA:68,0
DA:69,0
DA:70,0
DA:71,0
DA:76,0
DA:77,0
LF:19
LH:1
BRDA:53,0,0,0
BRDA:53,0,1,0
BRDA:53,1,0,0
BRDA:53,1,1,0
BRF:4
BRH:0
end_of_record
TN:
SF:..\projects\ngx-sp-infra\src\lib\widgets\search-input\search-input.component.ts
FN:23,(anonymous_0)
FN:25,(anonymous_1)
FN:29,(anonymous_2)
FN:35,(anonymous_3)
FN:37,(anonymous_4)
FN:39,(anonymous_5)
FN:45,(anonymous_6)
FN:50,(anonymous_7)
FN:62,(anonymous_8)
FN:67,(anonymous_9)
FN:72,(anonymous_10)
FN:74,(anonymous_11)
FN:82,(anonymous_12)
FN:87,(anonymous_13)
FNF:14
FNH:0
FNDA:0,(anonymous_0)
FNDA:0,(anonymous_1)
FNDA:0,(anonymous_2)
FNDA:0,(anonymous_3)
FNDA:0,(anonymous_4)
FNDA:0,(anonymous_5)
FNDA:0,(anonymous_6)
FNDA:0,(anonymous_7)
FNDA:0,(anonymous_8)
FNDA:0,(anonymous_9)
FNDA:0,(anonymous_10)
FNDA:0,(anonymous_11)
FNDA:0,(anonymous_12)
FNDA:0,(anonymous_13)
DA:13,1
DA:14,0
DA:15,0
DA:17,0
DA:19,0
DA:23,0
DA:26,0
DA:30,0
DA:31,0
DA:36,0
DA:38,0
DA:40,0
DA:46,0
DA:47,0
DA:48,0
DA:49,0
DA:50,0
DA:52,0
DA:54,0
DA:55,0
DA:56,0
DA:57,0
DA:63,0
DA:64,0
DA:68,0
DA:69,0
DA:73,0
DA:74,0
DA:75,0
DA:78,0
DA:83,0
DA:84,0
DA:88,0
DA:89,0
LF:34
LH:1
BRDA:30,0,0,0
BRDA:46,1,0,0
BRDA:46,1,1,0
BRDA:46,2,0,0
BRDA:46,2,1,0
BRDA:49,3,0,0
BRDA:49,3,1,0
BRDA:54,4,0,0
BRDA:54,5,0,0
BRDA:54,5,1,0
BRDA:56,6,0,0
BRDA:73,7,0,0
BRDA:73,7,1,0
BRDA:88,8,0,0
BRF:14
BRH:0
end_of_record
TN:
SF:..\projects\ngx-sp-infra\src\lib\widgets\side-tabs-generic\side-tabs-generic.component.ts
FN:22,(anonymous_0)
FN:24,(anonymous_1)
FN:43,(anonymous_2)
FNF:3
FNH:0
FNDA:0,(anonymous_0)
FNDA:0,(anonymous_1)
FNDA:0,(anonymous_2)
DA:21,1
DA:30,0
DA:31,0
DA:32,0
DA:34,0
DA:35,0
DA:38,0
DA:40,0
DA:44,0
DA:45,0
LF:10
LH:1
BRF:0
BRH:0
end_of_record
TN:
SF:..\projects\ngx-sp-infra\src\lib\widgets\simple-search\simple-search.component.ts
FN:11,(anonymous_0)
FN:13,(anonymous_1)
FN:34,(anonymous_2)
FNF:3
FNH:0
FNDA:0,(anonymous_0)
FNDA:0,(anonymous_1)
FNDA:0,(anonymous_2)
DA:11,1
DA:14,0
DA:21,0
DA:23,0
DA:27,0
DA:34,0
LF:6
LH:1
BRF:0
BRH:0
end_of_record
TN:
SF:..\projects\ngx-sp-infra\src\lib\widgets\spinner\spinner.component.ts
FN:58,(anonymous_0)
FN:60,(anonymous_1)
FN:68,(anonymous_2)
FNF:3
FNH:1
FNDA:1,(anonymous_0)
FNDA:0,(anonymous_1)
FNDA:0,(anonymous_2)
DA:22,1
DA:33,1
DA:40,1
DA:47,1
DA:51,1
DA:61,0
DA:62,0
DA:69,0
DA:70,0
DA:71,0
DA:73,0
DA:74,0
DA:75,0
DA:78,0
DA:79,0
LF:15
LH:5
BRDA:61,0,0,0
BRDA:69,1,0,0
BRDA:69,1,1,0
BRDA:73,2,0,0
BRDA:73,2,1,0
BRF:5
BRH:0
end_of_record
TN:
SF:..\projects\ngx-sp-infra\src\lib\widgets\table\table.component.ts
FN:71,(anonymous_0)
FN:72,(anonymous_1)
FN:122,(anonymous_2)
FN:123,(anonymous_3)
FN:140,(anonymous_4)
FN:141,(anonymous_5)
FN:144,(anonymous_6)
FN:145,(anonymous_7)
FN:148,(anonymous_8)
FN:151,(anonymous_9)
FN:155,(anonymous_10)
FN:183,(anonymous_11)
FN:189,(anonymous_12)
FN:194,(anonymous_13)
FN:201,(anonymous_14)
FN:219,(anonymous_15)
FN:224,(anonymous_16)
FN:225,(anonymous_17)
FN:227,(anonymous_18)
FN:228,(anonymous_19)
FN:240,(anonymous_20)
FN:250,(anonymous_21)
FN:262,(anonymous_22)
FN:271,(anonymous_23)
FN:287,(anonymous_24)
FN:306,(anonymous_25)
FN:314,(anonymous_26)
FN:324,(anonymous_27)
FN:335,(anonymous_28)
FN:338,(anonymous_29)
FNF:30
FNH:0
FNDA:0,(anonymous_0)
FNDA:0,(anonymous_1)
FNDA:0,(anonymous_2)
FNDA:0,(anonymous_3)
FNDA:0,(anonymous_4)
FNDA:0,(anonymous_5)
FNDA:0,(anonymous_6)
FNDA:0,(anonymous_7)
FNDA:0,(anonymous_8)
FNDA:0,(anonymous_9)
FNDA:0,(anonymous_10)
FNDA:0,(anonymous_11)
FNDA:0,(anonymous_12)
FNDA:0,(anonymous_13)
FNDA:0,(anonymous_14)
FNDA:0,(anonymous_15)
FNDA:0,(anonymous_16)
FNDA:0,(anonymous_17)
FNDA:0,(anonymous_18)
FNDA:0,(anonymous_19)
FNDA:0,(anonymous_20)
FNDA:0,(anonymous_21)
FNDA:0,(anonymous_22)
FNDA:0,(anonymous_23)
FNDA:0,(anonymous_24)
FNDA:0,(anonymous_25)
FNDA:0,(anonymous_26)
FNDA:0,(anonymous_27)
FNDA:0,(anonymous_28)
FNDA:0,(anonymous_29)
DA:42,1
DA:47,0
DA:50,0
DA:51,0
DA:56,0
DA:59,0
DA:66,0
DA:71,0
DA:72,0
DA:80,0
DA:92,0
DA:96,0
DA:100,0
DA:105,0
DA:122,0
DA:123,0
DA:127,0
DA:130,0
DA:133,0
DA:136,0
DA:140,0
DA:141,0
DA:144,0
DA:145,0
DA:149,0
DA:152,0
DA:156,0
DA:157,0
DA:164,0
DA:165,0
DA:170,0
DA:184,0
DA:185,0
DA:190,0
DA:191,0
DA:195,0
DA:196,0
DA:202,0
DA:203,0
DA:204,0
DA:205,0
DA:208,0
DA:209,0
DA:210,0
DA:213,0
DA:220,0
DA:225,0
DA:227,0
DA:228,0
DA:230,0
DA:232,0
DA:234,0
DA:235,0
DA:241,0
DA:242,0
DA:244,0
DA:245,0
DA:251,0
DA:252,0
DA:253,0
DA:256,0
DA:263,0
DA:264,0
DA:265,0
DA:266,0
DA:272,0
DA:273,0
DA:281,0
DA:284,0
DA:288,0
DA:291,0
DA:293,0
DA:297,0
DA:298,0
DA:302,0
DA:307,0
DA:308,0
DA:311,0
DA:312,0
DA:314,0
DA:315,0
DA:316,0
DA:318,0
DA:325,0
DA:326,0
DA:328,0
DA:329,0
DA:331,0
DA:336,0
DA:338,0
DA:339,0
LF:91
LH:1
BRDA:152,0,0,0
BRDA:152,0,1,0
BRDA:156,1,0,0
BRDA:156,2,0,0
BRDA:156,2,1,0
BRDA:156,3,0,0
BRDA:156,3,1,0
BRDA:157,4,0,0
BRDA:157,4,1,0
BRDA:157,5,0,0
BRDA:157,5,1,0
BRDA:202,6,0,0
BRDA:202,7,0,0
BRDA:202,7,1,0
BRDA:203,8,0,0
BRDA:203,8,1,0
BRDA:208,9,0,0
BRDA:225,10,0,0
BRDA:225,10,1,0
BRDA:227,11,0,0
BRDA:227,11,1,0
BRDA:228,12,0,0
BRDA:228,12,1,0
BRDA:230,13,0,0
BRDA:230,13,1,0
BRDA:234,14,0,0
BRDA:234,15,0,0
BRDA:234,15,1,0
BRDA:241,16,0,0
BRDA:241,16,1,0
BRDA:241,17,0,0
BRDA:241,17,1,0
BRDA:241,17,2,0
BRDA:242,18,0,0
BRDA:242,18,1,0
BRDA:244,19,0,0
BRDA:244,20,0,0
BRDA:244,20,1,0
BRDA:244,20,2,0
BRDA:251,21,0,0
BRDA:251,22,0,0
BRDA:251,22,1,0
BRDA:252,23,0,0
BRDA:252,23,1,0
BRDA:252,24,0,0
BRDA:252,24,1,0
BRDA:273,25,0,0
BRDA:291,26,0,0
BRDA:291,26,1,0
BRDA:293,27,0,0
BRDA:293,27,1,0
BRDA:307,28,0,0
BRDA:328,29,0,0
BRDA:328,30,0,0
BRDA:328,30,1,0
BRDA:329,31,0,0
BRDA:329,32,0,0
BRDA:329,32,1,0
BRDA:336,33,0,0
BRDA:338,34,0,0
BRDA:338,34,1,0
BRDA:339,35,0,0
BRDA:339,35,1,0
BRF:63
BRH:0
end_of_record
TN:
SF:..\projects\ngx-sp-infra\src\lib\widgets\tree\tree.component.ts
FN:16,(anonymous_0)
FN:51,(anonymous_1)
FN:27,(anonymous_2)
FN:28,(anonymous_3)
FN:33,(anonymous_4)
FN:34,(anonymous_5)
FN:37,(anonymous_6)
FN:58,(anonymous_7)
FN:73,(anonymous_8)
FN:75,(anonymous_9)
FN:80,(anonymous_10)
FN:95,(anonymous_11)
FN:106,(anonymous_12)
FNF:13
FNH:0
FNDA:0,(anonymous_0)
FNDA:0,(anonymous_1)
FNDA:0,(anonymous_2)
FNDA:0,(anonymous_3)
FNDA:0,(anonymous_4)
FNDA:0,(anonymous_5)
FNDA:0,(anonymous_6)
FNDA:0,(anonymous_7)
FNDA:0,(anonymous_8)
FNDA:0,(anonymous_9)
FNDA:0,(anonymous_10)
FNDA:0,(anonymous_11)
FNDA:0,(anonymous_12)
DA:15,1
DA:21,0
DA:22,0
DA:27,0
DA:28,0
DA:33,0
DA:35,0
DA:37,0
DA:38,0
DA:39,0
DA:43,0
DA:44,0
DA:47,0
DA:48,0
DA:51,0
DA:52,0
DA:59,0
DA:60,0
DA:61,0
DA:63,0
DA:64,0
DA:65,0
DA:67,0
DA:74,0
DA:75,0
DA:76,0
DA:77,0
DA:79,0
DA:80,0
DA:81,0
DA:82,0
DA:88,0
DA:89,0
DA:90,0
DA:91,0
DA:96,0
DA:97,0
DA:99,0
DA:107,0
LF:39
LH:1
BRDA:59,0,0,0
BRDA:59,0,1,0
BRDA:63,1,0,0
BRDA:64,2,0,0
BRDA:64,2,1,0
BRDA:74,3,0,0
BRDA:74,4,0,0
BRDA:74,4,1,0
BRDA:76,5,0,0
BRDA:79,6,0,0
BRDA:79,7,0,0
BRDA:79,7,1,0
BRDA:81,8,0,0
BRDA:88,9,0,0
BRDA:88,9,1,0
BRDA:90,10,0,0
BRDA:96,11,0,0
BRDA:96,11,1,0
BRF:18
BRH:0
end_of_record
TN:
SF:..\projects\ngx-sp-infra\src\lib\widgets\tree\pipes\search-tree.pipe.ts
FN:11,(anonymous_0)
FN:12,(anonymous_1)
FNF:2
FNH:0
FNDA:0,(anonymous_0)
FNDA:0,(anonymous_1)
DA:9,1
DA:12,0
LF:2
LH:1
BRF:0
BRH:0
end_of_record
